tagName: Document/FIToFICstmrCdtTrf/CdtTrfTxInf[1]/Dbtr[1]/Nm
[INFO] Processing row 1...
{
  "messageDirection": "INBOUND",
  "jurisdictionCode": "AMEA",
  "additionalData": {
    "identifierValue": "36",
    "column": "V_COUNTRY_NAME",
    "identifierToken": "__IDENTIFIER__",
    "MESSAGE_DIRECTION": "INBOUND",
    "value": "Brazil",
    "table": "FCC_TF_DIM_COUNTRY_DUMMY",
    "token": "__TOKEN__"
  },
  "businessDomainCode": "GEN",
  "rawMessage": "<?xml version=\"1.0\" encoding=\"UTF-8\" standalone=\"yes\"?><Document xmlns=\"urn:iso:std:iso:20022:tech:xsd:pacs.008.001.08\">  <FIToFICstmrCdtTrf>   <GrpHdr>    <MsgId>36<\/MsgId>    <CreDtTm>2024-10-21T12:43:41.960-05:00<\/CreDtTm>    <NbOfTxs>1<\/NbOfTxs>    <SttlmInf>     <SttlmMtd>INGA<\/SttlmMtd>    <\/SttlmInf>   <\/GrpHdr>   <CdtTrfTxInf>    <PmtId>     <InstrId>36<\/InstrId>     <EndToEndId>E2E0000000001542<\/EndToEndId>     <UETR>b1b25497-c299-454e-8bac-dffde67ac1d3<\/UETR>    <\/PmtId>    <IntrBkSttlmAmt Ccy=\"USD\">98246.00<\/IntrBkSttlmAmt>    <IntrBkSttlmDt>2024-10-21<\/IntrBkSttlmDt>    <ChrgBr>SHAR<\/ChrgBr>    <InstgAgt>     <FinInstnId>      <BICFI>CTRYREPC<\/BICFI>     <\/FinInstnId>    <\/InstgAgt>    <InstdAgt>     <FinInstnId>      <BICFI>SWHQBEBBFIN<\/BICFI>     <\/FinInstnId>    <\/InstdAgt>    <IntrmyAgt1>     <FinInstnId>      <BICFI>HBUKGB4BXXX<\/BICFI>     <\/FinInstnId>    <\/IntrmyAgt1>    <Dbtr>     <Nm>Brazil<\/Nm>     <PstlAdr>      <AdrLine>ADDRESS<\/AdrLine>     <\/PstlAdr>    <\/Dbtr>    <DbtrAcct>     <Id>      <Othr>       <Id>01234567890123456789<\/Id>      <\/Othr>     <\/Id>    <\/DbtrAcct>    <DbtrAgt>     <FinInstnId>      <BICFI>CTRYREPD<\/BICFI>     <\/FinInstnId>    <\/DbtrAgt>    <CdtrAgt>     <FinInstnId>      <BICFI>SWHQBEBBFIN<\/BICFI>     <\/FinInstnId>    <\/CdtrAgt>    <Cdtr>     <Nm>CREDITOR<\/Nm>     <PstlAdr>      <AdrLine>ADDRESS<\/AdrLine>     <\/PstlAdr>    <\/Cdtr>    <CdtrAcct>     <Id>      <Othr>       <Id>01234567890123456789<\/Id>      <\/Othr>     <\/Id>    <\/CdtrAcct>   <\/CdtTrfTxInf>  <\/FIToFICstmrCdtTrf> <\/Document>"
}
[INFO] Processing row 2...
{
  "messageDirection": "INBOUND",
  "jurisdictionCode": "AMEA",
  "additionalData": {
    "identifierValue": "36",
    "column": "V_ISO3_COUNTRY_CODE",
    "identifierToken": "__IDENTIFIER__",
    "MESSAGE_DIRECTION": "INBOUND",
    "value": "BRA",
    "table": "FCC_TF_DIM_COUNTRY_DUMMY",
    "token": "__TOKEN__"
  },
  "businessDomainCode": "GEN",
  "rawMessage": "<?xml version=\"1.0\" encoding=\"UTF-8\" standalone=\"yes\"?><Document xmlns=\"urn:iso:std:iso:20022:tech:xsd:pacs.008.001.08\">  <FIToFICstmrCdtTrf>   <GrpHdr>    <MsgId>36<\/MsgId>    <CreDtTm>2024-10-21T12:43:41.960-05:00<\/CreDtTm>    <NbOfTxs>1<\/NbOfTxs>    <SttlmInf>     <SttlmMtd>INGA<\/SttlmMtd>    <\/SttlmInf>   <\/GrpHdr>   <CdtTrfTxInf>    <PmtId>     <InstrId>36<\/InstrId>     <EndToEndId>E2E0000000001542<\/EndToEndId>     <UETR>b1b25497-c299-454e-8bac-dffde67ac1d3<\/UETR>    <\/PmtId>    <IntrBkSttlmAmt Ccy=\"USD\">98246.00<\/IntrBkSttlmAmt>    <IntrBkSttlmDt>2024-10-21<\/IntrBkSttlmDt>    <ChrgBr>SHAR<\/ChrgBr>    <InstgAgt>     <FinInstnId>      <BICFI>CTRYREPC<\/BICFI>     <\/FinInstnId>    <\/InstgAgt>    <InstdAgt>     <FinInstnId>      <BICFI>SWHQBEBBFIN<\/BICFI>     <\/FinInstnId>    <\/InstdAgt>    <IntrmyAgt1>     <FinInstnId>      <BICFI>HBUKGB4BXXX<\/BICFI>     <\/FinInstnId>    <\/IntrmyAgt1>    <Dbtr>     <Nm>BRA<\/Nm>     <PstlAdr>      <AdrLine>ADDRESS<\/AdrLine>     <\/PstlAdr>    <\/Dbtr>    <DbtrAcct>     <Id>      <Othr>       <Id>01234567890123456789<\/Id>      <\/Othr>     <\/Id>    <\/DbtrAcct>    <DbtrAgt>     <FinInstnId>      <BICFI>CTRYREPD<\/BICFI>     <\/FinInstnId>    <\/DbtrAgt>    <CdtrAgt>     <FinInstnId>      <BICFI>SWHQBEBBFIN<\/BICFI>     <\/FinInstnId>    <\/CdtrAgt>    <Cdtr>     <Nm>CREDITOR<\/Nm>     <PstlAdr>      <AdrLine>ADDRESS<\/AdrLine>     <\/PstlAdr>    <\/Cdtr>    <CdtrAcct>     <Id>      <Othr>       <Id>01234567890123456789<\/Id>      <\/Othr>     <\/Id>    <\/CdtrAcct>   <\/CdtTrfTxInf>  <\/FIToFICstmrCdtTrf> <\/Document>"
}
[INFO] Processing row 3...
{
  "messageDirection": "INBOUND",
  "jurisdictionCode": "AMEA",
  "additionalData": {
    "identifierValue": "36",
    "column": "V_ISO_COUNTRY_CODE",
    "identifierToken": "__IDENTIFIER__",
    "MESSAGE_DIRECTION": "INBOUND",
    "value": "BR",
    "table": "FCC_TF_DIM_COUNTRY_DUMMY",
    "token": "__TOKEN__"
  },
  "businessDomainCode": "GEN",
  "rawMessage": "<?xml version=\"1.0\" encoding=\"UTF-8\" standalone=\"yes\"?><Document xmlns=\"urn:iso:std:iso:20022:tech:xsd:pacs.008.001.08\">  <FIToFICstmrCdtTrf>   <GrpHdr>    <MsgId>36<\/MsgId>    <CreDtTm>2024-10-21T12:43:41.960-05:00<\/CreDtTm>    <NbOfTxs>1<\/NbOfTxs>    <SttlmInf>     <SttlmMtd>INGA<\/SttlmMtd>    <\/SttlmInf>   <\/GrpHdr>   <CdtTrfTxInf>    <PmtId>     <InstrId>36<\/InstrId>     <EndToEndId>E2E0000000001542<\/EndToEndId>     <UETR>b1b25497-c299-454e-8bac-dffde67ac1d3<\/UETR>    <\/PmtId>    <IntrBkSttlmAmt Ccy=\"USD\">98246.00<\/IntrBkSttlmAmt>    <IntrBkSttlmDt>2024-10-21<\/IntrBkSttlmDt>    <ChrgBr>SHAR<\/ChrgBr>    <InstgAgt>     <FinInstnId>      <BICFI>CTRYREPC<\/BICFI>     <\/FinInstnId>    <\/InstgAgt>    <InstdAgt>     <FinInstnId>      <BICFI>SWHQBEBBFIN<\/BICFI>     <\/FinInstnId>    <\/InstdAgt>    <IntrmyAgt1>     <FinInstnId>      <BICFI>HBUKGB4BXXX<\/BICFI>     <\/FinInstnId>    <\/IntrmyAgt1>    <Dbtr>     <Nm>BR<\/Nm>     <PstlAdr>      <AdrLine>ADDRESS<\/AdrLine>     <\/PstlAdr>    <\/Dbtr>    <DbtrAcct>     <Id>      <Othr>       <Id>01234567890123456789<\/Id>      <\/Othr>     <\/Id>    <\/DbtrAcct>    <DbtrAgt>     <FinInstnId>      <BICFI>CTRYREPD<\/BICFI>     <\/FinInstnId>    <\/DbtrAgt>    <CdtrAgt>     <FinInstnId>      <BICFI>SWHQBEBBFIN<\/BICFI>     <\/FinInstnId>    <\/CdtrAgt>    <Cdtr>     <Nm>CREDITOR<\/Nm>     <PstlAdr>      <AdrLine>ADDRESS<\/AdrLine>     <\/PstlAdr>    <\/Cdtr>    <CdtrAcct>     <Id>      <Othr>       <Id>01234567890123456789<\/Id>      <\/Othr>     <\/Id>    <\/CdtrAcct>   <\/CdtTrfTxInf>  <\/FIToFICstmrCdtTrf> <\/Document>"
}
[INFO] Processing row 4...
{
  "messageDirection": "INBOUND",
  "jurisdictionCode": "AMEA",
  "additionalData": {
    "identifierValue": "37",
    "column": "V_COUNTRY_NAME",
    "identifierToken": "__IDENTIFIER__",
    "MESSAGE_DIRECTION": "INBOUND",
    "value": "British Indian Ocean Territory (the)",
    "table": "FCC_TF_DIM_COUNTRY_DUMMY",
    "token": "__TOKEN__"
  },
  "businessDomainCode": "GEN",
  "rawMessage": "<?xml version=\"1.0\" encoding=\"UTF-8\" standalone=\"yes\"?><Document xmlns=\"urn:iso:std:iso:20022:tech:xsd:pacs.008.001.08\">  <FIToFICstmrCdtTrf>   <GrpHdr>    <MsgId>37<\/MsgId>    <CreDtTm>2024-10-21T12:43:41.960-05:00<\/CreDtTm>    <NbOfTxs>1<\/NbOfTxs>    <SttlmInf>     <SttlmMtd>INGA<\/SttlmMtd>    <\/SttlmInf>   <\/GrpHdr>   <CdtTrfTxInf>    <PmtId>     <InstrId>37<\/InstrId>     <EndToEndId>E2E0000000001542<\/EndToEndId>     <UETR>b1b25497-c299-454e-8bac-dffde67ac1d3<\/UETR>    <\/PmtId>    <IntrBkSttlmAmt Ccy=\"USD\">98246.00<\/IntrBkSttlmAmt>    <IntrBkSttlmDt>2024-10-21<\/IntrBkSttlmDt>    <ChrgBr>SHAR<\/ChrgBr>    <InstgAgt>     <FinInstnId>      <BICFI>CTRYREPC<\/BICFI>     <\/FinInstnId>    <\/InstgAgt>    <InstdAgt>     <FinInstnId>      <BICFI>SWHQBEBBFIN<\/BICFI>     <\/FinInstnId>    <\/InstdAgt>    <IntrmyAgt1>     <FinInstnId>      <BICFI>HBUKGB4BXXX<\/BICFI>     <\/FinInstnId>    <\/IntrmyAgt1>    <Dbtr>     <Nm>British Indian Ocean Territory (the)<\/Nm>     <PstlAdr>      <AdrLine>ADDRESS<\/AdrLine>     <\/PstlAdr>    <\/Dbtr>    <DbtrAcct>     <Id>      <Othr>       <Id>01234567890123456789<\/Id>      <\/Othr>     <\/Id>    <\/DbtrAcct>    <DbtrAgt>     <FinInstnId>      <BICFI>CTRYREPD<\/BICFI>     <\/FinInstnId>    <\/DbtrAgt>    <CdtrAgt>     <FinInstnId>      <BICFI>SWHQBEBBFIN<\/BICFI>     <\/FinInstnId>    <\/CdtrAgt>    <Cdtr>     <Nm>CREDITOR<\/Nm>     <PstlAdr>      <AdrLine>ADDRESS<\/AdrLine>     <\/PstlAdr>    <\/Cdtr>    <CdtrAcct>     <Id>      <Othr>       <Id>01234567890123456789<\/Id>      <\/Othr>     <\/Id>    <\/CdtrAcct>   <\/CdtTrfTxInf>  <\/FIToFICstmrCdtTrf> <\/Document>"
}
[INFO] Processing row 5...
{
  "messageDirection": "INBOUND",
  "jurisdictionCode": "AMEA",
  "additionalData": {
    "identifierValue": "37",
    "column": "V_ISO3_COUNTRY_CODE",
    "identifierToken": "__IDENTIFIER__",
    "MESSAGE_DIRECTION": "INBOUND",
    "value": "IOT",
    "table": "FCC_TF_DIM_COUNTRY_DUMMY",
    "token": "__TOKEN__"
  },
  "businessDomainCode": "GEN",
  "rawMessage": "<?xml version=\"1.0\" encoding=\"UTF-8\" standalone=\"yes\"?><Document xmlns=\"urn:iso:std:iso:20022:tech:xsd:pacs.008.001.08\">  <FIToFICstmrCdtTrf>   <GrpHdr>    <MsgId>37<\/MsgId>    <CreDtTm>2024-10-21T12:43:41.960-05:00<\/CreDtTm>    <NbOfTxs>1<\/NbOfTxs>    <SttlmInf>     <SttlmMtd>INGA<\/SttlmMtd>    <\/SttlmInf>   <\/GrpHdr>   <CdtTrfTxInf>    <PmtId>     <InstrId>37<\/InstrId>     <EndToEndId>E2E0000000001542<\/EndToEndId>     <UETR>b1b25497-c299-454e-8bac-dffde67ac1d3<\/UETR>    <\/PmtId>    <IntrBkSttlmAmt Ccy=\"USD\">98246.00<\/IntrBkSttlmAmt>    <IntrBkSttlmDt>2024-10-21<\/IntrBkSttlmDt>    <ChrgBr>SHAR<\/ChrgBr>    <InstgAgt>     <FinInstnId>      <BICFI>CTRYREPC<\/BICFI>     <\/FinInstnId>    <\/InstgAgt>    <InstdAgt>     <FinInstnId>      <BICFI>SWHQBEBBFIN<\/BICFI>     <\/FinInstnId>    <\/InstdAgt>    <IntrmyAgt1>     <FinInstnId>      <BICFI>HBUKGB4BXXX<\/BICFI>     <\/FinInstnId>    <\/IntrmyAgt1>    <Dbtr>     <Nm>IOT<\/Nm>     <PstlAdr>      <AdrLine>ADDRESS<\/AdrLine>     <\/PstlAdr>    <\/Dbtr>    <DbtrAcct>     <Id>      <Othr>       <Id>01234567890123456789<\/Id>      <\/Othr>     <\/Id>    <\/DbtrAcct>    <DbtrAgt>     <FinInstnId>      <BICFI>CTRYREPD<\/BICFI>     <\/FinInstnId>    <\/DbtrAgt>    <CdtrAgt>     <FinInstnId>      <BICFI>SWHQBEBBFIN<\/BICFI>     <\/FinInstnId>    <\/CdtrAgt>    <Cdtr>     <Nm>CREDITOR<\/Nm>     <PstlAdr>      <AdrLine>ADDRESS<\/AdrLine>     <\/PstlAdr>    <\/Cdtr>    <CdtrAcct>     <Id>      <Othr>       <Id>01234567890123456789<\/Id>      <\/Othr>     <\/Id>    <\/CdtrAcct>   <\/CdtTrfTxInf>  <\/FIToFICstmrCdtTrf> <\/Document>"
}
[INFO] Processing row 6...
{
  "messageDirection": "INBOUND",
  "jurisdictionCode": "AMEA",
  "additionalData": {
    "identifierValue": "37",
    "column": "V_ISO_COUNTRY_CODE",
    "identifierToken": "__IDENTIFIER__",
    "MESSAGE_DIRECTION": "INBOUND",
    "value": "IO",
    "table": "FCC_TF_DIM_COUNTRY_DUMMY",
    "token": "__TOKEN__"
  },
  "businessDomainCode": "GEN",
  "rawMessage": "<?xml version=\"1.0\" encoding=\"UTF-8\" standalone=\"yes\"?><Document xmlns=\"urn:iso:std:iso:20022:tech:xsd:pacs.008.001.08\">  <FIToFICstmrCdtTrf>   <GrpHdr>    <MsgId>37<\/MsgId>    <CreDtTm>2024-10-21T12:43:41.960-05:00<\/CreDtTm>    <NbOfTxs>1<\/NbOfTxs>    <SttlmInf>     <SttlmMtd>INGA<\/SttlmMtd>    <\/SttlmInf>   <\/GrpHdr>   <CdtTrfTxInf>    <PmtId>     <InstrId>37<\/InstrId>     <EndToEndId>E2E0000000001542<\/EndToEndId>     <UETR>b1b25497-c299-454e-8bac-dffde67ac1d3<\/UETR>    <\/PmtId>    <IntrBkSttlmAmt Ccy=\"USD\">98246.00<\/IntrBkSttlmAmt>    <IntrBkSttlmDt>2024-10-21<\/IntrBkSttlmDt>    <ChrgBr>SHAR<\/ChrgBr>    <InstgAgt>     <FinInstnId>      <BICFI>CTRYREPC<\/BICFI>     <\/FinInstnId>    <\/InstgAgt>    <InstdAgt>     <FinInstnId>      <BICFI>SWHQBEBBFIN<\/BICFI>     <\/FinInstnId>    <\/InstdAgt>    <IntrmyAgt1>     <FinInstnId>      <BICFI>HBUKGB4BXXX<\/BICFI>     <\/FinInstnId>    <\/IntrmyAgt1>    <Dbtr>     <Nm>IO<\/Nm>     <PstlAdr>      <AdrLine>ADDRESS<\/AdrLine>     <\/PstlAdr>    <\/Dbtr>    <DbtrAcct>     <Id>      <Othr>       <Id>01234567890123456789<\/Id>      <\/Othr>     <\/Id>    <\/DbtrAcct>    <DbtrAgt>     <FinInstnId>      <BICFI>CTRYREPD<\/BICFI>     <\/FinInstnId>    <\/DbtrAgt>    <CdtrAgt>     <FinInstnId>      <BICFI>SWHQBEBBFIN<\/BICFI>     <\/FinInstnId>    <\/CdtrAgt>    <Cdtr>     <Nm>CREDITOR<\/Nm>     <PstlAdr>      <AdrLine>ADDRESS<\/AdrLine>     <\/PstlAdr>    <\/Cdtr>    <CdtrAcct>     <Id>      <Othr>       <Id>01234567890123456789<\/Id>      <\/Othr>     <\/Id>    <\/CdtrAcct>   <\/CdtTrfTxInf>  <\/FIToFICstmrCdtTrf> <\/Document>"
}
[INFO] Processing row 7...
{
  "messageDirection": "INBOUND",
  "jurisdictionCode": "AMEA",
  "additionalData": {
    "identifierValue": "38",
    "column": "V_COUNTRY_NAME",
    "identifierToken": "__IDENTIFIER__",
    "MESSAGE_DIRECTION": "INBOUND",
    "value": "Brunei Darussalam",
    "table": "FCC_TF_DIM_COUNTRY_DUMMY",
    "token": "__TOKEN__"
  },
  "businessDomainCode": "GEN",
  "rawMessage": "<?xml version=\"1.0\" encoding=\"UTF-8\" standalone=\"yes\"?><Document xmlns=\"urn:iso:std:iso:20022:tech:xsd:pacs.008.001.08\">  <FIToFICstmrCdtTrf>   <GrpHdr>    <MsgId>38<\/MsgId>    <CreDtTm>2024-10-21T12:43:41.960-05:00<\/CreDtTm>    <NbOfTxs>1<\/NbOfTxs>    <SttlmInf>     <SttlmMtd>INGA<\/SttlmMtd>    <\/SttlmInf>   <\/GrpHdr>   <CdtTrfTxInf>    <PmtId>     <InstrId>38<\/InstrId>     <EndToEndId>E2E0000000001542<\/EndToEndId>     <UETR>b1b25497-c299-454e-8bac-dffde67ac1d3<\/UETR>    <\/PmtId>    <IntrBkSttlmAmt Ccy=\"USD\">98246.00<\/IntrBkSttlmAmt>    <IntrBkSttlmDt>2024-10-21<\/IntrBkSttlmDt>    <ChrgBr>SHAR<\/ChrgBr>    <InstgAgt>     <FinInstnId>      <BICFI>CTRYREPC<\/BICFI>     <\/FinInstnId>    <\/InstgAgt>    <InstdAgt>     <FinInstnId>      <BICFI>SWHQBEBBFIN<\/BICFI>     <\/FinInstnId>    <\/InstdAgt>    <IntrmyAgt1>     <FinInstnId>      <BICFI>HBUKGB4BXXX<\/BICFI>     <\/FinInstnId>    <\/IntrmyAgt1>    <Dbtr>     <Nm>Brunei Darussalam<\/Nm>     <PstlAdr>      <AdrLine>ADDRESS<\/AdrLine>     <\/PstlAdr>    <\/Dbtr>    <DbtrAcct>     <Id>      <Othr>       <Id>01234567890123456789<\/Id>      <\/Othr>     <\/Id>    <\/DbtrAcct>    <DbtrAgt>     <FinInstnId>      <BICFI>CTRYREPD<\/BICFI>     <\/FinInstnId>    <\/DbtrAgt>    <CdtrAgt>     <FinInstnId>      <BICFI>SWHQBEBBFIN<\/BICFI>     <\/FinInstnId>    <\/CdtrAgt>    <Cdtr>     <Nm>CREDITOR<\/Nm>     <PstlAdr>      <AdrLine>ADDRESS<\/AdrLine>     <\/PstlAdr>    <\/Cdtr>    <CdtrAcct>     <Id>      <Othr>       <Id>01234567890123456789<\/Id>      <\/Othr>     <\/Id>    <\/CdtrAcct>   <\/CdtTrfTxInf>  <\/FIToFICstmrCdtTrf> <\/Document>"
}
[INFO] Processing row 8...
{
  "messageDirection": "INBOUND",
  "jurisdictionCode": "AMEA",
  "additionalData": {
    "identifierValue": "38",
    "column": "V_ISO3_COUNTRY_CODE",
    "identifierToken": "__IDENTIFIER__",
    "MESSAGE_DIRECTION": "INBOUND",
    "value": "BRN",
    "table": "FCC_TF_DIM_COUNTRY_DUMMY",
    "token": "__TOKEN__"
  },
  "businessDomainCode": "GEN",
  "rawMessage": "<?xml version=\"1.0\" encoding=\"UTF-8\" standalone=\"yes\"?><Document xmlns=\"urn:iso:std:iso:20022:tech:xsd:pacs.008.001.08\">  <FIToFICstmrCdtTrf>   <GrpHdr>    <MsgId>38<\/MsgId>    <CreDtTm>2024-10-21T12:43:41.960-05:00<\/CreDtTm>    <NbOfTxs>1<\/NbOfTxs>    <SttlmInf>     <SttlmMtd>INGA<\/SttlmMtd>    <\/SttlmInf>   <\/GrpHdr>   <CdtTrfTxInf>    <PmtId>     <InstrId>38<\/InstrId>     <EndToEndId>E2E0000000001542<\/EndToEndId>     <UETR>b1b25497-c299-454e-8bac-dffde67ac1d3<\/UETR>    <\/PmtId>    <IntrBkSttlmAmt Ccy=\"USD\">98246.00<\/IntrBkSttlmAmt>    <IntrBkSttlmDt>2024-10-21<\/IntrBkSttlmDt>    <ChrgBr>SHAR<\/ChrgBr>    <InstgAgt>     <FinInstnId>      <BICFI>CTRYREPC<\/BICFI>     <\/FinInstnId>    <\/InstgAgt>    <InstdAgt>     <FinInstnId>      <BICFI>SWHQBEBBFIN<\/BICFI>     <\/FinInstnId>    <\/InstdAgt>    <IntrmyAgt1>     <FinInstnId>      <BICFI>HBUKGB4BXXX<\/BICFI>     <\/FinInstnId>    <\/IntrmyAgt1>    <Dbtr>     <Nm>BRN<\/Nm>     <PstlAdr>      <AdrLine>ADDRESS<\/AdrLine>     <\/PstlAdr>    <\/Dbtr>    <DbtrAcct>     <Id>      <Othr>       <Id>01234567890123456789<\/Id>      <\/Othr>     <\/Id>    <\/DbtrAcct>    <DbtrAgt>     <FinInstnId>      <BICFI>CTRYREPD<\/BICFI>     <\/FinInstnId>    <\/DbtrAgt>    <CdtrAgt>     <FinInstnId>      <BICFI>SWHQBEBBFIN<\/BICFI>     <\/FinInstnId>    <\/CdtrAgt>    <Cdtr>     <Nm>CREDITOR<\/Nm>     <PstlAdr>      <AdrLine>ADDRESS<\/AdrLine>     <\/PstlAdr>    <\/Cdtr>    <CdtrAcct>     <Id>      <Othr>       <Id>01234567890123456789<\/Id>      <\/Othr>     <\/Id>    <\/CdtrAcct>   <\/CdtTrfTxInf>  <\/FIToFICstmrCdtTrf> <\/Document>"
}
[INFO] Processing row 9...
{
  "messageDirection": "INBOUND",
  "jurisdictionCode": "AMEA",
  "additionalData": {
    "identifierValue": "38",
    "column": "V_ISO_COUNTRY_CODE",
    "identifierToken": "__IDENTIFIER__",
    "MESSAGE_DIRECTION": "INBOUND",
    "value": "BN",
    "table": "FCC_TF_DIM_COUNTRY_DUMMY",
    "token": "__TOKEN__"
  },
  "businessDomainCode": "GEN",
  "rawMessage": "<?xml version=\"1.0\" encoding=\"UTF-8\" standalone=\"yes\"?><Document xmlns=\"urn:iso:std:iso:20022:tech:xsd:pacs.008.001.08\">  <FIToFICstmrCdtTrf>   <GrpHdr>    <MsgId>38<\/MsgId>    <CreDtTm>2024-10-21T12:43:41.960-05:00<\/CreDtTm>    <NbOfTxs>1<\/NbOfTxs>    <SttlmInf>     <SttlmMtd>INGA<\/SttlmMtd>    <\/SttlmInf>   <\/GrpHdr>   <CdtTrfTxInf>    <PmtId>     <InstrId>38<\/InstrId>     <EndToEndId>E2E0000000001542<\/EndToEndId>     <UETR>b1b25497-c299-454e-8bac-dffde67ac1d3<\/UETR>    <\/PmtId>    <IntrBkSttlmAmt Ccy=\"USD\">98246.00<\/IntrBkSttlmAmt>    <IntrBkSttlmDt>2024-10-21<\/IntrBkSttlmDt>    <ChrgBr>SHAR<\/ChrgBr>    <InstgAgt>     <FinInstnId>      <BICFI>CTRYREPC<\/BICFI>     <\/FinInstnId>    <\/InstgAgt>    <InstdAgt>     <FinInstnId>      <BICFI>SWHQBEBBFIN<\/BICFI>     <\/FinInstnId>    <\/InstdAgt>    <IntrmyAgt1>     <FinInstnId>      <BICFI>HBUKGB4BXXX<\/BICFI>     <\/FinInstnId>    <\/IntrmyAgt1>    <Dbtr>     <Nm>BN<\/Nm>     <PstlAdr>      <AdrLine>ADDRESS<\/AdrLine>     <\/PstlAdr>    <\/Dbtr>    <DbtrAcct>     <Id>      <Othr>       <Id>01234567890123456789<\/Id>      <\/Othr>     <\/Id>    <\/DbtrAcct>    <DbtrAgt>     <FinInstnId>      <BICFI>CTRYREPD<\/BICFI>     <\/FinInstnId>    <\/DbtrAgt>    <CdtrAgt>     <FinInstnId>      <BICFI>SWHQBEBBFIN<\/BICFI>     <\/FinInstnId>    <\/CdtrAgt>    <Cdtr>     <Nm>CREDITOR<\/Nm>     <PstlAdr>      <AdrLine>ADDRESS<\/AdrLine>     <\/PstlAdr>    <\/Cdtr>    <CdtrAcct>     <Id>      <Othr>       <Id>01234567890123456789<\/Id>      <\/Othr>     <\/Id>    <\/CdtrAcct>   <\/CdtTrfTxInf>  <\/FIToFICstmrCdtTrf> <\/Document>"
}
[INFO] Processing row 10...
{
  "messageDirection": "INBOUND",
  "jurisdictionCode": "AMEA",
  "additionalData": {
    "identifierValue": "39",
    "column": "V_COUNTRY_NAME",
    "identifierToken": "__IDENTIFIER__",
    "MESSAGE_DIRECTION": "INBOUND",
    "value": "Bulgaria",
    "table": "FCC_TF_DIM_COUNTRY_DUMMY",
    "token": "__TOKEN__"
  },
  "businessDomainCode": "GEN",
  "rawMessage": "<?xml version=\"1.0\" encoding=\"UTF-8\" standalone=\"yes\"?><Document xmlns=\"urn:iso:std:iso:20022:tech:xsd:pacs.008.001.08\">  <FIToFICstmrCdtTrf>   <GrpHdr>    <MsgId>39<\/MsgId>    <CreDtTm>2024-10-21T12:43:41.960-05:00<\/CreDtTm>    <NbOfTxs>1<\/NbOfTxs>    <SttlmInf>     <SttlmMtd>INGA<\/SttlmMtd>    <\/SttlmInf>   <\/GrpHdr>   <CdtTrfTxInf>    <PmtId>     <InstrId>39<\/InstrId>     <EndToEndId>E2E0000000001542<\/EndToEndId>     <UETR>b1b25497-c299-454e-8bac-dffde67ac1d3<\/UETR>    <\/PmtId>    <IntrBkSttlmAmt Ccy=\"USD\">98246.00<\/IntrBkSttlmAmt>    <IntrBkSttlmDt>2024-10-21<\/IntrBkSttlmDt>    <ChrgBr>SHAR<\/ChrgBr>    <InstgAgt>     <FinInstnId>      <BICFI>CTRYREPC<\/BICFI>     <\/FinInstnId>    <\/InstgAgt>    <InstdAgt>     <FinInstnId>      <BICFI>SWHQBEBBFIN<\/BICFI>     <\/FinInstnId>    <\/InstdAgt>    <IntrmyAgt1>     <FinInstnId>      <BICFI>HBUKGB4BXXX<\/BICFI>     <\/FinInstnId>    <\/IntrmyAgt1>    <Dbtr>     <Nm>Bulgaria<\/Nm>     <PstlAdr>      <AdrLine>ADDRESS<\/AdrLine>     <\/PstlAdr>    <\/Dbtr>    <DbtrAcct>     <Id>      <Othr>       <Id>01234567890123456789<\/Id>      <\/Othr>     <\/Id>    <\/DbtrAcct>    <DbtrAgt>     <FinInstnId>      <BICFI>CTRYREPD<\/BICFI>     <\/FinInstnId>    <\/DbtrAgt>    <CdtrAgt>     <FinInstnId>      <BICFI>SWHQBEBBFIN<\/BICFI>     <\/FinInstnId>    <\/CdtrAgt>    <Cdtr>     <Nm>CREDITOR<\/Nm>     <PstlAdr>      <AdrLine>ADDRESS<\/AdrLine>     <\/PstlAdr>    <\/Cdtr>    <CdtrAcct>     <Id>      <Othr>       <Id>01234567890123456789<\/Id>      <\/Othr>     <\/Id>    <\/CdtrAcct>   <\/CdtTrfTxInf>  <\/FIToFICstmrCdtTrf> <\/Document>"
}
[INFO] Processing row 11...
{
  "messageDirection": "INBOUND",
  "jurisdictionCode": "AMEA",
  "additionalData": {
    "identifierValue": "39",
    "column": "V_ISO3_COUNTRY_CODE",
    "identifierToken": "__IDENTIFIER__",
    "MESSAGE_DIRECTION": "INBOUND",
    "value": "BGR",
    "table": "FCC_TF_DIM_COUNTRY_DUMMY",
    "token": "__TOKEN__"
  },
  "businessDomainCode": "GEN",
  "rawMessage": "<?xml version=\"1.0\" encoding=\"UTF-8\" standalone=\"yes\"?><Document xmlns=\"urn:iso:std:iso:20022:tech:xsd:pacs.008.001.08\">  <FIToFICstmrCdtTrf>   <GrpHdr>    <MsgId>39<\/MsgId>    <CreDtTm>2024-10-21T12:43:41.960-05:00<\/CreDtTm>    <NbOfTxs>1<\/NbOfTxs>    <SttlmInf>     <SttlmMtd>INGA<\/SttlmMtd>    <\/SttlmInf>   <\/GrpHdr>   <CdtTrfTxInf>    <PmtId>     <InstrId>39<\/InstrId>     <EndToEndId>E2E0000000001542<\/EndToEndId>     <UETR>b1b25497-c299-454e-8bac-dffde67ac1d3<\/UETR>    <\/PmtId>    <IntrBkSttlmAmt Ccy=\"USD\">98246.00<\/IntrBkSttlmAmt>    <IntrBkSttlmDt>2024-10-21<\/IntrBkSttlmDt>    <ChrgBr>SHAR<\/ChrgBr>    <InstgAgt>     <FinInstnId>      <BICFI>CTRYREPC<\/BICFI>     <\/FinInstnId>    <\/InstgAgt>    <InstdAgt>     <FinInstnId>      <BICFI>SWHQBEBBFIN<\/BICFI>     <\/FinInstnId>    <\/InstdAgt>    <IntrmyAgt1>     <FinInstnId>      <BICFI>HBUKGB4BXXX<\/BICFI>     <\/FinInstnId>    <\/IntrmyAgt1>    <Dbtr>     <Nm>BGR<\/Nm>     <PstlAdr>      <AdrLine>ADDRESS<\/AdrLine>     <\/PstlAdr>    <\/Dbtr>    <DbtrAcct>     <Id>      <Othr>       <Id>01234567890123456789<\/Id>      <\/Othr>     <\/Id>    <\/DbtrAcct>    <DbtrAgt>     <FinInstnId>      <BICFI>CTRYREPD<\/BICFI>     <\/FinInstnId>    <\/DbtrAgt>    <CdtrAgt>     <FinInstnId>      <BICFI>SWHQBEBBFIN<\/BICFI>     <\/FinInstnId>    <\/CdtrAgt>    <Cdtr>     <Nm>CREDITOR<\/Nm>     <PstlAdr>      <AdrLine>ADDRESS<\/AdrLine>     <\/PstlAdr>    <\/Cdtr>    <CdtrAcct>     <Id>      <Othr>       <Id>01234567890123456789<\/Id>      <\/Othr>     <\/Id>    <\/CdtrAcct>   <\/CdtTrfTxInf>  <\/FIToFICstmrCdtTrf> <\/Document>"
}
[INFO] Processing row 12...
{
  "messageDirection": "INBOUND",
  "jurisdictionCode": "AMEA",
  "additionalData": {
    "identifierValue": "39",
    "column": "V_ISO_COUNTRY_CODE",
    "identifierToken": "__IDENTIFIER__",
    "MESSAGE_DIRECTION": "INBOUND",
    "value": "BG",
    "table": "FCC_TF_DIM_COUNTRY_DUMMY",
    "token": "__TOKEN__"
  },
  "businessDomainCode": "GEN",
  "rawMessage": "<?xml version=\"1.0\" encoding=\"UTF-8\" standalone=\"yes\"?><Document xmlns=\"urn:iso:std:iso:20022:tech:xsd:pacs.008.001.08\">  <FIToFICstmrCdtTrf>   <GrpHdr>    <MsgId>39<\/MsgId>    <CreDtTm>2024-10-21T12:43:41.960-05:00<\/CreDtTm>    <NbOfTxs>1<\/NbOfTxs>    <SttlmInf>     <SttlmMtd>INGA<\/SttlmMtd>    <\/SttlmInf>   <\/GrpHdr>   <CdtTrfTxInf>    <PmtId>     <InstrId>39<\/InstrId>     <EndToEndId>E2E0000000001542<\/EndToEndId>     <UETR>b1b25497-c299-454e-8bac-dffde67ac1d3<\/UETR>    <\/PmtId>    <IntrBkSttlmAmt Ccy=\"USD\">98246.00<\/IntrBkSttlmAmt>    <IntrBkSttlmDt>2024-10-21<\/IntrBkSttlmDt>    <ChrgBr>SHAR<\/ChrgBr>    <InstgAgt>     <FinInstnId>      <BICFI>CTRYREPC<\/BICFI>     <\/FinInstnId>    <\/InstgAgt>    <InstdAgt>     <FinInstnId>      <BICFI>SWHQBEBBFIN<\/BICFI>     <\/FinInstnId>    <\/InstdAgt>    <IntrmyAgt1>     <FinInstnId>      <BICFI>HBUKGB4BXXX<\/BICFI>     <\/FinInstnId>    <\/IntrmyAgt1>    <Dbtr>     <Nm>BG<\/Nm>     <PstlAdr>      <AdrLine>ADDRESS<\/AdrLine>     <\/PstlAdr>    <\/Dbtr>    <DbtrAcct>     <Id>      <Othr>       <Id>01234567890123456789<\/Id>      <\/Othr>     <\/Id>    <\/DbtrAcct>    <DbtrAgt>     <FinInstnId>      <BICFI>CTRYREPD<\/BICFI>     <\/FinInstnId>    <\/DbtrAgt>    <CdtrAgt>     <FinInstnId>      <BICFI>SWHQBEBBFIN<\/BICFI>     <\/FinInstnId>    <\/CdtrAgt>    <Cdtr>     <Nm>CREDITOR<\/Nm>     <PstlAdr>      <AdrLine>ADDRESS<\/AdrLine>     <\/PstlAdr>    <\/Cdtr>    <CdtrAcct>     <Id>      <Othr>       <Id>01234567890123456789<\/Id>      <\/Othr>     <\/Id>    <\/CdtrAcct>   <\/CdtTrfTxInf>  <\/FIToFICstmrCdtTrf> <\/Document>"
}
[INFO] Processing row 13...
{
  "messageDirection": "INBOUND",
  "jurisdictionCode": "AMEA",
  "additionalData": {
    "identifierValue": "40",
    "column": "V_COUNTRY_NAME",
    "identifierToken": "__IDENTIFIER__",
    "MESSAGE_DIRECTION": "INBOUND",
    "value": "Burkina Faso",
    "table": "FCC_TF_DIM_COUNTRY_DUMMY",
    "token": "__TOKEN__"
  },
  "businessDomainCode": "GEN",
  "rawMessage": "<?xml version=\"1.0\" encoding=\"UTF-8\" standalone=\"yes\"?><Document xmlns=\"urn:iso:std:iso:20022:tech:xsd:pacs.008.001.08\">  <FIToFICstmrCdtTrf>   <GrpHdr>    <MsgId>40<\/MsgId>    <CreDtTm>2024-10-21T12:43:41.960-05:00<\/CreDtTm>    <NbOfTxs>1<\/NbOfTxs>    <SttlmInf>     <SttlmMtd>INGA<\/SttlmMtd>    <\/SttlmInf>   <\/GrpHdr>   <CdtTrfTxInf>    <PmtId>     <InstrId>40<\/InstrId>     <EndToEndId>E2E0000000001542<\/EndToEndId>     <UETR>b1b25497-c299-454e-8bac-dffde67ac1d3<\/UETR>    <\/PmtId>    <IntrBkSttlmAmt Ccy=\"USD\">98246.00<\/IntrBkSttlmAmt>    <IntrBkSttlmDt>2024-10-21<\/IntrBkSttlmDt>    <ChrgBr>SHAR<\/ChrgBr>    <InstgAgt>     <FinInstnId>      <BICFI>CTRYREPC<\/BICFI>     <\/FinInstnId>    <\/InstgAgt>    <InstdAgt>     <FinInstnId>      <BICFI>SWHQBEBBFIN<\/BICFI>     <\/FinInstnId>    <\/InstdAgt>    <IntrmyAgt1>     <FinInstnId>      <BICFI>HBUKGB4BXXX<\/BICFI>     <\/FinInstnId>    <\/IntrmyAgt1>    <Dbtr>     <Nm>Burkina Faso<\/Nm>     <PstlAdr>      <AdrLine>ADDRESS<\/AdrLine>     <\/PstlAdr>    <\/Dbtr>    <DbtrAcct>     <Id>      <Othr>       <Id>01234567890123456789<\/Id>      <\/Othr>     <\/Id>    <\/DbtrAcct>    <DbtrAgt>     <FinInstnId>      <BICFI>CTRYREPD<\/BICFI>     <\/FinInstnId>    <\/DbtrAgt>    <CdtrAgt>     <FinInstnId>      <BICFI>SWHQBEBBFIN<\/BICFI>     <\/FinInstnId>    <\/CdtrAgt>    <Cdtr>     <Nm>CREDITOR<\/Nm>     <PstlAdr>      <AdrLine>ADDRESS<\/AdrLine>     <\/PstlAdr>    <\/Cdtr>    <CdtrAcct>     <Id>      <Othr>       <Id>01234567890123456789<\/Id>      <\/Othr>     <\/Id>    <\/CdtrAcct>   <\/CdtTrfTxInf>  <\/FIToFICstmrCdtTrf> <\/Document>"
}
[INFO] Processing row 14...
{
  "messageDirection": "INBOUND",
  "jurisdictionCode": "AMEA",
  "additionalData": {
    "identifierValue": "40",
    "column": "V_ISO3_COUNTRY_CODE",
    "identifierToken": "__IDENTIFIER__",
    "MESSAGE_DIRECTION": "INBOUND",
    "value": "BFA",
    "table": "FCC_TF_DIM_COUNTRY_DUMMY",
    "token": "__TOKEN__"
  },
  "businessDomainCode": "GEN",
  "rawMessage": "<?xml version=\"1.0\" encoding=\"UTF-8\" standalone=\"yes\"?><Document xmlns=\"urn:iso:std:iso:20022:tech:xsd:pacs.008.001.08\">  <FIToFICstmrCdtTrf>   <GrpHdr>    <MsgId>40<\/MsgId>    <CreDtTm>2024-10-21T12:43:41.960-05:00<\/CreDtTm>    <NbOfTxs>1<\/NbOfTxs>    <SttlmInf>     <SttlmMtd>INGA<\/SttlmMtd>    <\/SttlmInf>   <\/GrpHdr>   <CdtTrfTxInf>    <PmtId>     <InstrId>40<\/InstrId>     <EndToEndId>E2E0000000001542<\/EndToEndId>     <UETR>b1b25497-c299-454e-8bac-dffde67ac1d3<\/UETR>    <\/PmtId>    <IntrBkSttlmAmt Ccy=\"USD\">98246.00<\/IntrBkSttlmAmt>    <IntrBkSttlmDt>2024-10-21<\/IntrBkSttlmDt>    <ChrgBr>SHAR<\/ChrgBr>    <InstgAgt>     <FinInstnId>      <BICFI>CTRYREPC<\/BICFI>     <\/FinInstnId>    <\/InstgAgt>    <InstdAgt>     <FinInstnId>      <BICFI>SWHQBEBBFIN<\/BICFI>     <\/FinInstnId>    <\/InstdAgt>    <IntrmyAgt1>     <FinInstnId>      <BICFI>HBUKGB4BXXX<\/BICFI>     <\/FinInstnId>    <\/IntrmyAgt1>    <Dbtr>     <Nm>BFA<\/Nm>     <PstlAdr>      <AdrLine>ADDRESS<\/AdrLine>     <\/PstlAdr>    <\/Dbtr>    <DbtrAcct>     <Id>      <Othr>       <Id>01234567890123456789<\/Id>      <\/Othr>     <\/Id>    <\/DbtrAcct>    <DbtrAgt>     <FinInstnId>      <BICFI>CTRYREPD<\/BICFI>     <\/FinInstnId>    <\/DbtrAgt>    <CdtrAgt>     <FinInstnId>      <BICFI>SWHQBEBBFIN<\/BICFI>     <\/FinInstnId>    <\/CdtrAgt>    <Cdtr>     <Nm>CREDITOR<\/Nm>     <PstlAdr>      <AdrLine>ADDRESS<\/AdrLine>     <\/PstlAdr>    <\/Cdtr>    <CdtrAcct>     <Id>      <Othr>       <Id>01234567890123456789<\/Id>      <\/Othr>     <\/Id>    <\/CdtrAcct>   <\/CdtTrfTxInf>  <\/FIToFICstmrCdtTrf> <\/Document>"
}
[INFO] Processing row 15...
{
  "messageDirection": "INBOUND",
  "jurisdictionCode": "AMEA",
  "additionalData": {
    "identifierValue": "40",
    "column": "V_ISO_COUNTRY_CODE",
    "identifierToken": "__IDENTIFIER__",
    "MESSAGE_DIRECTION": "INBOUND",
    "value": "BF",
    "table": "FCC_TF_DIM_COUNTRY_DUMMY",
    "token": "__TOKEN__"
  },
  "businessDomainCode": "GEN",
  "rawMessage": "<?xml version=\"1.0\" encoding=\"UTF-8\" standalone=\"yes\"?><Document xmlns=\"urn:iso:std:iso:20022:tech:xsd:pacs.008.001.08\">  <FIToFICstmrCdtTrf>   <GrpHdr>    <MsgId>40<\/MsgId>    <CreDtTm>2024-10-21T12:43:41.960-05:00<\/CreDtTm>    <NbOfTxs>1<\/NbOfTxs>    <SttlmInf>     <SttlmMtd>INGA<\/SttlmMtd>    <\/SttlmInf>   <\/GrpHdr>   <CdtTrfTxInf>    <PmtId>     <InstrId>40<\/InstrId>     <EndToEndId>E2E0000000001542<\/EndToEndId>     <UETR>b1b25497-c299-454e-8bac-dffde67ac1d3<\/UETR>    <\/PmtId>    <IntrBkSttlmAmt Ccy=\"USD\">98246.00<\/IntrBkSttlmAmt>    <IntrBkSttlmDt>2024-10-21<\/IntrBkSttlmDt>    <ChrgBr>SHAR<\/ChrgBr>    <InstgAgt>     <FinInstnId>      <BICFI>CTRYREPC<\/BICFI>     <\/FinInstnId>    <\/InstgAgt>    <InstdAgt>     <FinInstnId>      <BICFI>SWHQBEBBFIN<\/BICFI>     <\/FinInstnId>    <\/InstdAgt>    <IntrmyAgt1>     <FinInstnId>      <BICFI>HBUKGB4BXXX<\/BICFI>     <\/FinInstnId>    <\/IntrmyAgt1>    <Dbtr>     <Nm>BF<\/Nm>     <PstlAdr>      <AdrLine>ADDRESS<\/AdrLine>     <\/PstlAdr>    <\/Dbtr>    <DbtrAcct>     <Id>      <Othr>       <Id>01234567890123456789<\/Id>      <\/Othr>     <\/Id>    <\/DbtrAcct>    <DbtrAgt>     <FinInstnId>      <BICFI>CTRYREPD<\/BICFI>     <\/FinInstnId>    <\/DbtrAgt>    <CdtrAgt>     <FinInstnId>      <BICFI>SWHQBEBBFIN<\/BICFI>     <\/FinInstnId>    <\/CdtrAgt>    <Cdtr>     <Nm>CREDITOR<\/Nm>     <PstlAdr>      <AdrLine>ADDRESS<\/AdrLine>     <\/PstlAdr>    <\/Cdtr>    <CdtrAcct>     <Id>      <Othr>       <Id>01234567890123456789<\/Id>      <\/Othr>     <\/Id>    <\/CdtrAcct>   <\/CdtTrfTxInf>  <\/FIToFICstmrCdtTrf> <\/Document>"
}
[INFO] Processing row 16...
{
  "messageDirection": "INBOUND",
  "jurisdictionCode": "AMEA",
  "additionalData": {
    "identifierValue": "41",
    "column": "V_ISO3_COUNTRY_CODE",
    "identifierToken": "__IDENTIFIER__",
    "MESSAGE_DIRECTION": "INBOUND",
    "value": "BDI",
    "table": "FCC_TF_DIM_COUNTRY_DUMMY",
    "token": "__TOKEN__"
  },
  "businessDomainCode": "GEN",
  "rawMessage": "<?xml version=\"1.0\" encoding=\"UTF-8\" standalone=\"yes\"?><Document xmlns=\"urn:iso:std:iso:20022:tech:xsd:pacs.008.001.08\">  <FIToFICstmrCdtTrf>   <GrpHdr>    <MsgId>41<\/MsgId>    <CreDtTm>2024-10-21T12:43:41.960-05:00<\/CreDtTm>    <NbOfTxs>1<\/NbOfTxs>    <SttlmInf>     <SttlmMtd>INGA<\/SttlmMtd>    <\/SttlmInf>   <\/GrpHdr>   <CdtTrfTxInf>    <PmtId>     <InstrId>41<\/InstrId>     <EndToEndId>E2E0000000001542<\/EndToEndId>     <UETR>b1b25497-c299-454e-8bac-dffde67ac1d3<\/UETR>    <\/PmtId>    <IntrBkSttlmAmt Ccy=\"USD\">98246.00<\/IntrBkSttlmAmt>    <IntrBkSttlmDt>2024-10-21<\/IntrBkSttlmDt>    <ChrgBr>SHAR<\/ChrgBr>    <InstgAgt>     <FinInstnId>      <BICFI>CTRYREPC<\/BICFI>     <\/FinInstnId>    <\/InstgAgt>    <InstdAgt>     <FinInstnId>      <BICFI>SWHQBEBBFIN<\/BICFI>     <\/FinInstnId>    <\/InstdAgt>    <IntrmyAgt1>     <FinInstnId>      <BICFI>HBUKGB4BXXX<\/BICFI>     <\/FinInstnId>    <\/IntrmyAgt1>    <Dbtr>     <Nm>BDI<\/Nm>     <PstlAdr>      <AdrLine>ADDRESS<\/AdrLine>     <\/PstlAdr>    <\/Dbtr>    <DbtrAcct>     <Id>      <Othr>       <Id>01234567890123456789<\/Id>      <\/Othr>     <\/Id>    <\/DbtrAcct>    <DbtrAgt>     <FinInstnId>      <BICFI>CTRYREPD<\/BICFI>     <\/FinInstnId>    <\/DbtrAgt>    <CdtrAgt>     <FinInstnId>      <BICFI>SWHQBEBBFIN<\/BICFI>     <\/FinInstnId>    <\/CdtrAgt>    <Cdtr>     <Nm>CREDITOR<\/Nm>     <PstlAdr>      <AdrLine>ADDRESS<\/AdrLine>     <\/PstlAdr>    <\/Cdtr>    <CdtrAcct>     <Id>      <Othr>       <Id>01234567890123456789<\/Id>      <\/Othr>     <\/Id>    <\/CdtrAcct>   <\/CdtTrfTxInf>  <\/FIToFICstmrCdtTrf> <\/Document>"
}
[INFO] Processing row 17...
{
  "messageDirection": "INBOUND",
  "jurisdictionCode": "AMEA",
  "additionalData": {
    "identifierValue": "41",
    "column": "V_ISO_COUNTRY_CODE",
    "identifierToken": "__IDENTIFIER__",
    "MESSAGE_DIRECTION": "INBOUND",
    "value": "BI",
    "table": "FCC_TF_DIM_COUNTRY_DUMMY",
    "token": "__TOKEN__"
  },
  "businessDomainCode": "GEN",
  "rawMessage": "<?xml version=\"1.0\" encoding=\"UTF-8\" standalone=\"yes\"?><Document xmlns=\"urn:iso:std:iso:20022:tech:xsd:pacs.008.001.08\">  <FIToFICstmrCdtTrf>   <GrpHdr>    <MsgId>41<\/MsgId>    <CreDtTm>2024-10-21T12:43:41.960-05:00<\/CreDtTm>    <NbOfTxs>1<\/NbOfTxs>    <SttlmInf>     <SttlmMtd>INGA<\/SttlmMtd>    <\/SttlmInf>   <\/GrpHdr>   <CdtTrfTxInf>    <PmtId>     <InstrId>41<\/InstrId>     <EndToEndId>E2E0000000001542<\/EndToEndId>     <UETR>b1b25497-c299-454e-8bac-dffde67ac1d3<\/UETR>    <\/PmtId>    <IntrBkSttlmAmt Ccy=\"USD\">98246.00<\/IntrBkSttlmAmt>    <IntrBkSttlmDt>2024-10-21<\/IntrBkSttlmDt>    <ChrgBr>SHAR<\/ChrgBr>    <InstgAgt>     <FinInstnId>      <BICFI>CTRYREPC<\/BICFI>     <\/FinInstnId>    <\/InstgAgt>    <InstdAgt>     <FinInstnId>      <BICFI>SWHQBEBBFIN<\/BICFI>     <\/FinInstnId>    <\/InstdAgt>    <IntrmyAgt1>     <FinInstnId>      <BICFI>HBUKGB4BXXX<\/BICFI>     <\/FinInstnId>    <\/IntrmyAgt1>    <Dbtr>     <Nm>BI<\/Nm>     <PstlAdr>      <AdrLine>ADDRESS<\/AdrLine>     <\/PstlAdr>    <\/Dbtr>    <DbtrAcct>     <Id>      <Othr>       <Id>01234567890123456789<\/Id>      <\/Othr>     <\/Id>    <\/DbtrAcct>    <DbtrAgt>     <FinInstnId>      <BICFI>CTRYREPD<\/BICFI>     <\/FinInstnId>    <\/DbtrAgt>    <CdtrAgt>     <FinInstnId>      <BICFI>SWHQBEBBFIN<\/BICFI>     <\/FinInstnId>    <\/CdtrAgt>    <Cdtr>     <Nm>CREDITOR<\/Nm>     <PstlAdr>      <AdrLine>ADDRESS<\/AdrLine>     <\/PstlAdr>    <\/Cdtr>    <CdtrAcct>     <Id>      <Othr>       <Id>01234567890123456789<\/Id>      <\/Othr>     <\/Id>    <\/CdtrAcct>   <\/CdtTrfTxInf>  <\/FIToFICstmrCdtTrf> <\/Document>"
}
[INFO] Processing row 18...
{
  "messageDirection": "INBOUND",
  "jurisdictionCode": "AMEA",
  "additionalData": {
    "identifierValue": "42",
    "column": "V_COUNTRY_NAME",
    "identifierToken": "__IDENTIFIER__",
    "MESSAGE_DIRECTION": "INBOUND",
    "value": "Cabo Verde",
    "table": "FCC_TF_DIM_COUNTRY_DUMMY",
    "token": "__TOKEN__"
  },
  "businessDomainCode": "GEN",
  "rawMessage": "<?xml version=\"1.0\" encoding=\"UTF-8\" standalone=\"yes\"?><Document xmlns=\"urn:iso:std:iso:20022:tech:xsd:pacs.008.001.08\">  <FIToFICstmrCdtTrf>   <GrpHdr>    <MsgId>42<\/MsgId>    <CreDtTm>2024-10-21T12:43:41.960-05:00<\/CreDtTm>    <NbOfTxs>1<\/NbOfTxs>    <SttlmInf>     <SttlmMtd>INGA<\/SttlmMtd>    <\/SttlmInf>   <\/GrpHdr>   <CdtTrfTxInf>    <PmtId>     <InstrId>42<\/InstrId>     <EndToEndId>E2E0000000001542<\/EndToEndId>     <UETR>b1b25497-c299-454e-8bac-dffde67ac1d3<\/UETR>    <\/PmtId>    <IntrBkSttlmAmt Ccy=\"USD\">98246.00<\/IntrBkSttlmAmt>    <IntrBkSttlmDt>2024-10-21<\/IntrBkSttlmDt>    <ChrgBr>SHAR<\/ChrgBr>    <InstgAgt>     <FinInstnId>      <BICFI>CTRYREPC<\/BICFI>     <\/FinInstnId>    <\/InstgAgt>    <InstdAgt>     <FinInstnId>      <BICFI>SWHQBEBBFIN<\/BICFI>     <\/FinInstnId>    <\/InstdAgt>    <IntrmyAgt1>     <FinInstnId>      <BICFI>HBUKGB4BXXX<\/BICFI>     <\/FinInstnId>    <\/IntrmyAgt1>    <Dbtr>     <Nm>Cabo Verde<\/Nm>     <PstlAdr>      <AdrLine>ADDRESS<\/AdrLine>     <\/PstlAdr>    <\/Dbtr>    <DbtrAcct>     <Id>      <Othr>       <Id>01234567890123456789<\/Id>      <\/Othr>     <\/Id>    <\/DbtrAcct>    <DbtrAgt>     <FinInstnId>      <BICFI>CTRYREPD<\/BICFI>     <\/FinInstnId>    <\/DbtrAgt>    <CdtrAgt>     <FinInstnId>      <BICFI>SWHQBEBBFIN<\/BICFI>     <\/FinInstnId>    <\/CdtrAgt>    <Cdtr>     <Nm>CREDITOR<\/Nm>     <PstlAdr>      <AdrLine>ADDRESS<\/AdrLine>     <\/PstlAdr>    <\/Cdtr>    <CdtrAcct>     <Id>      <Othr>       <Id>01234567890123456789<\/Id>      <\/Othr>     <\/Id>    <\/CdtrAcct>   <\/CdtTrfTxInf>  <\/FIToFICstmrCdtTrf> <\/Document>"
}
[INFO] Processing row 19...
{
  "messageDirection": "INBOUND",
  "jurisdictionCode": "AMEA",
  "additionalData": {
    "identifierValue": "42",
    "column": "V_ISO3_COUNTRY_CODE",
    "identifierToken": "__IDENTIFIER__",
    "MESSAGE_DIRECTION": "INBOUND",
    "value": "CPV",
    "table": "FCC_TF_DIM_COUNTRY_DUMMY",
    "token": "__TOKEN__"
  },
  "businessDomainCode": "GEN",
  "rawMessage": "<?xml version=\"1.0\" encoding=\"UTF-8\" standalone=\"yes\"?><Document xmlns=\"urn:iso:std:iso:20022:tech:xsd:pacs.008.001.08\">  <FIToFICstmrCdtTrf>   <GrpHdr>    <MsgId>42<\/MsgId>    <CreDtTm>2024-10-21T12:43:41.960-05:00<\/CreDtTm>    <NbOfTxs>1<\/NbOfTxs>    <SttlmInf>     <SttlmMtd>INGA<\/SttlmMtd>    <\/SttlmInf>   <\/GrpHdr>   <CdtTrfTxInf>    <PmtId>     <InstrId>42<\/InstrId>     <EndToEndId>E2E0000000001542<\/EndToEndId>     <UETR>b1b25497-c299-454e-8bac-dffde67ac1d3<\/UETR>    <\/PmtId>    <IntrBkSttlmAmt Ccy=\"USD\">98246.00<\/IntrBkSttlmAmt>    <IntrBkSttlmDt>2024-10-21<\/IntrBkSttlmDt>    <ChrgBr>SHAR<\/ChrgBr>    <InstgAgt>     <FinInstnId>      <BICFI>CTRYREPC<\/BICFI>     <\/FinInstnId>    <\/InstgAgt>    <InstdAgt>     <FinInstnId>      <BICFI>SWHQBEBBFIN<\/BICFI>     <\/FinInstnId>    <\/InstdAgt>    <IntrmyAgt1>     <FinInstnId>      <BICFI>HBUKGB4BXXX<\/BICFI>     <\/FinInstnId>    <\/IntrmyAgt1>    <Dbtr>     <Nm>CPV<\/Nm>     <PstlAdr>      <AdrLine>ADDRESS<\/AdrLine>     <\/PstlAdr>    <\/Dbtr>    <DbtrAcct>     <Id>      <Othr>       <Id>01234567890123456789<\/Id>      <\/Othr>     <\/Id>    <\/DbtrAcct>    <DbtrAgt>     <FinInstnId>      <BICFI>CTRYREPD<\/BICFI>     <\/FinInstnId>    <\/DbtrAgt>    <CdtrAgt>     <FinInstnId>      <BICFI>SWHQBEBBFIN<\/BICFI>     <\/FinInstnId>    <\/CdtrAgt>    <Cdtr>     <Nm>CREDITOR<\/Nm>     <PstlAdr>      <AdrLine>ADDRESS<\/AdrLine>     <\/PstlAdr>    <\/Cdtr>    <CdtrAcct>     <Id>      <Othr>       <Id>01234567890123456789<\/Id>      <\/Othr>     <\/Id>    <\/CdtrAcct>   <\/CdtTrfTxInf>  <\/FIToFICstmrCdtTrf> <\/Document>"
}
[INFO] Processing row 20...
{
  "messageDirection": "INBOUND",
  "jurisdictionCode": "AMEA",
  "additionalData": {
    "identifierValue": "42",
    "column": "V_ISO_COUNTRY_CODE",
    "identifierToken": "__IDENTIFIER__",
    "MESSAGE_DIRECTION": "INBOUND",
    "value": "CV",
    "table": "FCC_TF_DIM_COUNTRY_DUMMY",
    "token": "__TOKEN__"
  },
  "businessDomainCode": "GEN",
  "rawMessage": "<?xml version=\"1.0\" encoding=\"UTF-8\" standalone=\"yes\"?><Document xmlns=\"urn:iso:std:iso:20022:tech:xsd:pacs.008.001.08\">  <FIToFICstmrCdtTrf>   <GrpHdr>    <MsgId>42<\/MsgId>    <CreDtTm>2024-10-21T12:43:41.960-05:00<\/CreDtTm>    <NbOfTxs>1<\/NbOfTxs>    <SttlmInf>     <SttlmMtd>INGA<\/SttlmMtd>    <\/SttlmInf>   <\/GrpHdr>   <CdtTrfTxInf>    <PmtId>     <InstrId>42<\/InstrId>     <EndToEndId>E2E0000000001542<\/EndToEndId>     <UETR>b1b25497-c299-454e-8bac-dffde67ac1d3<\/UETR>    <\/PmtId>    <IntrBkSttlmAmt Ccy=\"USD\">98246.00<\/IntrBkSttlmAmt>    <IntrBkSttlmDt>2024-10-21<\/IntrBkSttlmDt>    <ChrgBr>SHAR<\/ChrgBr>    <InstgAgt>     <FinInstnId>      <BICFI>CTRYREPC<\/BICFI>     <\/FinInstnId>    <\/InstgAgt>    <InstdAgt>     <FinInstnId>      <BICFI>SWHQBEBBFIN<\/BICFI>     <\/FinInstnId>    <\/InstdAgt>    <IntrmyAgt1>     <FinInstnId>      <BICFI>HBUKGB4BXXX<\/BICFI>     <\/FinInstnId>    <\/IntrmyAgt1>    <Dbtr>     <Nm>CV<\/Nm>     <PstlAdr>      <AdrLine>ADDRESS<\/AdrLine>     <\/PstlAdr>    <\/Dbtr>    <DbtrAcct>     <Id>      <Othr>       <Id>01234567890123456789<\/Id>      <\/Othr>     <\/Id>    <\/DbtrAcct>    <DbtrAgt>     <FinInstnId>      <BICFI>CTRYREPD<\/BICFI>     <\/FinInstnId>    <\/DbtrAgt>    <CdtrAgt>     <FinInstnId>      <BICFI>SWHQBEBBFIN<\/BICFI>     <\/FinInstnId>    <\/CdtrAgt>    <Cdtr>     <Nm>CREDITOR<\/Nm>     <PstlAdr>      <AdrLine>ADDRESS<\/AdrLine>     <\/PstlAdr>    <\/Cdtr>    <CdtrAcct>     <Id>      <Othr>       <Id>01234567890123456789<\/Id>      <\/Othr>     <\/Id>    <\/CdtrAcct>   <\/CdtTrfTxInf>  <\/FIToFICstmrCdtTrf> <\/Document>"
}
[INFO] Processing row 21...
{
  "messageDirection": "INBOUND",
  "jurisdictionCode": "AMEA",
  "additionalData": {
    "identifierValue": "43",
    "column": "V_COUNTRY_NAME",
    "identifierToken": "__IDENTIFIER__",
    "MESSAGE_DIRECTION": "INBOUND",
    "value": "Cambodia",
    "table": "FCC_TF_DIM_COUNTRY_DUMMY",
    "token": "__TOKEN__"
  },
  "businessDomainCode": "GEN",
  "rawMessage": "<?xml version=\"1.0\" encoding=\"UTF-8\" standalone=\"yes\"?><Document xmlns=\"urn:iso:std:iso:20022:tech:xsd:pacs.008.001.08\">  <FIToFICstmrCdtTrf>   <GrpHdr>    <MsgId>43<\/MsgId>    <CreDtTm>2024-10-21T12:43:41.960-05:00<\/CreDtTm>    <NbOfTxs>1<\/NbOfTxs>    <SttlmInf>     <SttlmMtd>INGA<\/SttlmMtd>    <\/SttlmInf>   <\/GrpHdr>   <CdtTrfTxInf>    <PmtId>     <InstrId>43<\/InstrId>     <EndToEndId>E2E0000000001542<\/EndToEndId>     <UETR>b1b25497-c299-454e-8bac-dffde67ac1d3<\/UETR>    <\/PmtId>    <IntrBkSttlmAmt Ccy=\"USD\">98246.00<\/IntrBkSttlmAmt>    <IntrBkSttlmDt>2024-10-21<\/IntrBkSttlmDt>    <ChrgBr>SHAR<\/ChrgBr>    <InstgAgt>     <FinInstnId>      <BICFI>CTRYREPC<\/BICFI>     <\/FinInstnId>    <\/InstgAgt>    <InstdAgt>     <FinInstnId>      <BICFI>SWHQBEBBFIN<\/BICFI>     <\/FinInstnId>    <\/InstdAgt>    <IntrmyAgt1>     <FinInstnId>      <BICFI>HBUKGB4BXXX<\/BICFI>     <\/FinInstnId>    <\/IntrmyAgt1>    <Dbtr>     <Nm>Cambodia<\/Nm>     <PstlAdr>      <AdrLine>ADDRESS<\/AdrLine>     <\/PstlAdr>    <\/Dbtr>    <DbtrAcct>     <Id>      <Othr>       <Id>01234567890123456789<\/Id>      <\/Othr>     <\/Id>    <\/DbtrAcct>    <DbtrAgt>     <FinInstnId>      <BICFI>CTRYREPD<\/BICFI>     <\/FinInstnId>    <\/DbtrAgt>    <CdtrAgt>     <FinInstnId>      <BICFI>SWHQBEBBFIN<\/BICFI>     <\/FinInstnId>    <\/CdtrAgt>    <Cdtr>     <Nm>CREDITOR<\/Nm>     <PstlAdr>      <AdrLine>ADDRESS<\/AdrLine>     <\/PstlAdr>    <\/Cdtr>    <CdtrAcct>     <Id>      <Othr>       <Id>01234567890123456789<\/Id>      <\/Othr>     <\/Id>    <\/CdtrAcct>   <\/CdtTrfTxInf>  <\/FIToFICstmrCdtTrf> <\/Document>"
}
[INFO] Processing row 22...
{
  "messageDirection": "INBOUND",
  "jurisdictionCode": "AMEA",
  "additionalData": {
    "identifierValue": "43",
    "column": "V_ISO3_COUNTRY_CODE",
    "identifierToken": "__IDENTIFIER__",
    "MESSAGE_DIRECTION": "INBOUND",
    "value": "KHM",
    "table": "FCC_TF_DIM_COUNTRY_DUMMY",
    "token": "__TOKEN__"
  },
  "businessDomainCode": "GEN",
  "rawMessage": "<?xml version=\"1.0\" encoding=\"UTF-8\" standalone=\"yes\"?><Document xmlns=\"urn:iso:std:iso:20022:tech:xsd:pacs.008.001.08\">  <FIToFICstmrCdtTrf>   <GrpHdr>    <MsgId>43<\/MsgId>    <CreDtTm>2024-10-21T12:43:41.960-05:00<\/CreDtTm>    <NbOfTxs>1<\/NbOfTxs>    <SttlmInf>     <SttlmMtd>INGA<\/SttlmMtd>    <\/SttlmInf>   <\/GrpHdr>   <CdtTrfTxInf>    <PmtId>     <InstrId>43<\/InstrId>     <EndToEndId>E2E0000000001542<\/EndToEndId>     <UETR>b1b25497-c299-454e-8bac-dffde67ac1d3<\/UETR>    <\/PmtId>    <IntrBkSttlmAmt Ccy=\"USD\">98246.00<\/IntrBkSttlmAmt>    <IntrBkSttlmDt>2024-10-21<\/IntrBkSttlmDt>    <ChrgBr>SHAR<\/ChrgBr>    <InstgAgt>     <FinInstnId>      <BICFI>CTRYREPC<\/BICFI>     <\/FinInstnId>    <\/InstgAgt>    <InstdAgt>     <FinInstnId>      <BICFI>SWHQBEBBFIN<\/BICFI>     <\/FinInstnId>    <\/InstdAgt>    <IntrmyAgt1>     <FinInstnId>      <BICFI>HBUKGB4BXXX<\/BICFI>     <\/FinInstnId>    <\/IntrmyAgt1>    <Dbtr>     <Nm>KHM<\/Nm>     <PstlAdr>      <AdrLine>ADDRESS<\/AdrLine>     <\/PstlAdr>    <\/Dbtr>    <DbtrAcct>     <Id>      <Othr>       <Id>01234567890123456789<\/Id>      <\/Othr>     <\/Id>    <\/DbtrAcct>    <DbtrAgt>     <FinInstnId>      <BICFI>CTRYREPD<\/BICFI>     <\/FinInstnId>    <\/DbtrAgt>    <CdtrAgt>     <FinInstnId>      <BICFI>SWHQBEBBFIN<\/BICFI>     <\/FinInstnId>    <\/CdtrAgt>    <Cdtr>     <Nm>CREDITOR<\/Nm>     <PstlAdr>      <AdrLine>ADDRESS<\/AdrLine>     <\/PstlAdr>    <\/Cdtr>    <CdtrAcct>     <Id>      <Othr>       <Id>01234567890123456789<\/Id>      <\/Othr>     <\/Id>    <\/CdtrAcct>   <\/CdtTrfTxInf>  <\/FIToFICstmrCdtTrf> <\/Document>"
}
[INFO] Processing row 23...
{
  "messageDirection": "INBOUND",
  "jurisdictionCode": "AMEA",
  "additionalData": {
    "identifierValue": "43",
    "column": "V_ISO_COUNTRY_CODE",
    "identifierToken": "__IDENTIFIER__",
    "MESSAGE_DIRECTION": "INBOUND",
    "value": "KH",
    "table": "FCC_TF_DIM_COUNTRY_DUMMY",
    "token": "__TOKEN__"
  },
  "businessDomainCode": "GEN",
  "rawMessage": "<?xml version=\"1.0\" encoding=\"UTF-8\" standalone=\"yes\"?><Document xmlns=\"urn:iso:std:iso:20022:tech:xsd:pacs.008.001.08\">  <FIToFICstmrCdtTrf>   <GrpHdr>    <MsgId>43<\/MsgId>    <CreDtTm>2024-10-21T12:43:41.960-05:00<\/CreDtTm>    <NbOfTxs>1<\/NbOfTxs>    <SttlmInf>     <SttlmMtd>INGA<\/SttlmMtd>    <\/SttlmInf>   <\/GrpHdr>   <CdtTrfTxInf>    <PmtId>     <InstrId>43<\/InstrId>     <EndToEndId>E2E0000000001542<\/EndToEndId>     <UETR>b1b25497-c299-454e-8bac-dffde67ac1d3<\/UETR>    <\/PmtId>    <IntrBkSttlmAmt Ccy=\"USD\">98246.00<\/IntrBkSttlmAmt>    <IntrBkSttlmDt>2024-10-21<\/IntrBkSttlmDt>    <ChrgBr>SHAR<\/ChrgBr>    <InstgAgt>     <FinInstnId>      <BICFI>CTRYREPC<\/BICFI>     <\/FinInstnId>    <\/InstgAgt>    <InstdAgt>     <FinInstnId>      <BICFI>SWHQBEBBFIN<\/BICFI>     <\/FinInstnId>    <\/InstdAgt>    <IntrmyAgt1>     <FinInstnId>      <BICFI>HBUKGB4BXXX<\/BICFI>     <\/FinInstnId>    <\/IntrmyAgt1>    <Dbtr>     <Nm>KH<\/Nm>     <PstlAdr>      <AdrLine>ADDRESS<\/AdrLine>     <\/PstlAdr>    <\/Dbtr>    <DbtrAcct>     <Id>      <Othr>       <Id>01234567890123456789<\/Id>      <\/Othr>     <\/Id>    <\/DbtrAcct>    <DbtrAgt>     <FinInstnId>      <BICFI>CTRYREPD<\/BICFI>     <\/FinInstnId>    <\/DbtrAgt>    <CdtrAgt>     <FinInstnId>      <BICFI>SWHQBEBBFIN<\/BICFI>     <\/FinInstnId>    <\/CdtrAgt>    <Cdtr>     <Nm>CREDITOR<\/Nm>     <PstlAdr>      <AdrLine>ADDRESS<\/AdrLine>     <\/PstlAdr>    <\/Cdtr>    <CdtrAcct>     <Id>      <Othr>       <Id>01234567890123456789<\/Id>      <\/Othr>     <\/Id>    <\/CdtrAcct>   <\/CdtTrfTxInf>  <\/FIToFICstmrCdtTrf> <\/Document>"
}
[INFO] Processing row 24...
{
  "messageDirection": "INBOUND",
  "jurisdictionCode": "AMEA",
  "additionalData": {
    "identifierValue": "44",
    "column": "V_COUNTRY_NAME",
    "identifierToken": "__IDENTIFIER__",
    "MESSAGE_DIRECTION": "INBOUND",
    "value": "Cameroon",
    "table": "FCC_TF_DIM_COUNTRY_DUMMY",
    "token": "__TOKEN__"
  },
  "businessDomainCode": "GEN",
  "rawMessage": "<?xml version=\"1.0\" encoding=\"UTF-8\" standalone=\"yes\"?><Document xmlns=\"urn:iso:std:iso:20022:tech:xsd:pacs.008.001.08\">  <FIToFICstmrCdtTrf>   <GrpHdr>    <MsgId>44<\/MsgId>    <CreDtTm>2024-10-21T12:43:41.960-05:00<\/CreDtTm>    <NbOfTxs>1<\/NbOfTxs>    <SttlmInf>     <SttlmMtd>INGA<\/SttlmMtd>    <\/SttlmInf>   <\/GrpHdr>   <CdtTrfTxInf>    <PmtId>     <InstrId>44<\/InstrId>     <EndToEndId>E2E0000000001542<\/EndToEndId>     <UETR>b1b25497-c299-454e-8bac-dffde67ac1d3<\/UETR>    <\/PmtId>    <IntrBkSttlmAmt Ccy=\"USD\">98246.00<\/IntrBkSttlmAmt>    <IntrBkSttlmDt>2024-10-21<\/IntrBkSttlmDt>    <ChrgBr>SHAR<\/ChrgBr>    <InstgAgt>     <FinInstnId>      <BICFI>CTRYREPC<\/BICFI>     <\/FinInstnId>    <\/InstgAgt>    <InstdAgt>     <FinInstnId>      <BICFI>SWHQBEBBFIN<\/BICFI>     <\/FinInstnId>    <\/InstdAgt>    <IntrmyAgt1>     <FinInstnId>      <BICFI>HBUKGB4BXXX<\/BICFI>     <\/FinInstnId>    <\/IntrmyAgt1>    <Dbtr>     <Nm>Cameroon<\/Nm>     <PstlAdr>      <AdrLine>ADDRESS<\/AdrLine>     <\/PstlAdr>    <\/Dbtr>    <DbtrAcct>     <Id>      <Othr>       <Id>01234567890123456789<\/Id>      <\/Othr>     <\/Id>    <\/DbtrAcct>    <DbtrAgt>     <FinInstnId>      <BICFI>CTRYREPD<\/BICFI>     <\/FinInstnId>    <\/DbtrAgt>    <CdtrAgt>     <FinInstnId>      <BICFI>SWHQBEBBFIN<\/BICFI>     <\/FinInstnId>    <\/CdtrAgt>    <Cdtr>     <Nm>CREDITOR<\/Nm>     <PstlAdr>      <AdrLine>ADDRESS<\/AdrLine>     <\/PstlAdr>    <\/Cdtr>    <CdtrAcct>     <Id>      <Othr>       <Id>01234567890123456789<\/Id>      <\/Othr>     <\/Id>    <\/CdtrAcct>   <\/CdtTrfTxInf>  <\/FIToFICstmrCdtTrf> <\/Document>"
}
[INFO] Processing row 25...
{
  "messageDirection": "INBOUND",
  "jurisdictionCode": "AMEA",
  "additionalData": {
    "identifierValue": "44",
    "column": "V_ISO3_COUNTRY_CODE",
    "identifierToken": "__IDENTIFIER__",
    "MESSAGE_DIRECTION": "INBOUND",
    "value": "CMR",
    "table": "FCC_TF_DIM_COUNTRY_DUMMY",
    "token": "__TOKEN__"
  },
  "businessDomainCode": "GEN",
  "rawMessage": "<?xml version=\"1.0\" encoding=\"UTF-8\" standalone=\"yes\"?><Document xmlns=\"urn:iso:std:iso:20022:tech:xsd:pacs.008.001.08\">  <FIToFICstmrCdtTrf>   <GrpHdr>    <MsgId>44<\/MsgId>    <CreDtTm>2024-10-21T12:43:41.960-05:00<\/CreDtTm>    <NbOfTxs>1<\/NbOfTxs>    <SttlmInf>     <SttlmMtd>INGA<\/SttlmMtd>    <\/SttlmInf>   <\/GrpHdr>   <CdtTrfTxInf>    <PmtId>     <InstrId>44<\/InstrId>     <EndToEndId>E2E0000000001542<\/EndToEndId>     <UETR>b1b25497-c299-454e-8bac-dffde67ac1d3<\/UETR>    <\/PmtId>    <IntrBkSttlmAmt Ccy=\"USD\">98246.00<\/IntrBkSttlmAmt>    <IntrBkSttlmDt>2024-10-21<\/IntrBkSttlmDt>    <ChrgBr>SHAR<\/ChrgBr>    <InstgAgt>     <FinInstnId>      <BICFI>CTRYREPC<\/BICFI>     <\/FinInstnId>    <\/InstgAgt>    <InstdAgt>     <FinInstnId>      <BICFI>SWHQBEBBFIN<\/BICFI>     <\/FinInstnId>    <\/InstdAgt>    <IntrmyAgt1>     <FinInstnId>      <BICFI>HBUKGB4BXXX<\/BICFI>     <\/FinInstnId>    <\/IntrmyAgt1>    <Dbtr>     <Nm>CMR<\/Nm>     <PstlAdr>      <AdrLine>ADDRESS<\/AdrLine>     <\/PstlAdr>    <\/Dbtr>    <DbtrAcct>     <Id>      <Othr>       <Id>01234567890123456789<\/Id>      <\/Othr>     <\/Id>    <\/DbtrAcct>    <DbtrAgt>     <FinInstnId>      <BICFI>CTRYREPD<\/BICFI>     <\/FinInstnId>    <\/DbtrAgt>    <CdtrAgt>     <FinInstnId>      <BICFI>SWHQBEBBFIN<\/BICFI>     <\/FinInstnId>    <\/CdtrAgt>    <Cdtr>     <Nm>CREDITOR<\/Nm>     <PstlAdr>      <AdrLine>ADDRESS<\/AdrLine>     <\/PstlAdr>    <\/Cdtr>    <CdtrAcct>     <Id>      <Othr>       <Id>01234567890123456789<\/Id>      <\/Othr>     <\/Id>    <\/CdtrAcct>   <\/CdtTrfTxInf>  <\/FIToFICstmrCdtTrf> <\/Document>"
}
[INFO] Processing row 26...
{
  "messageDirection": "INBOUND",
  "jurisdictionCode": "AMEA",
  "additionalData": {
    "identifierValue": "44",
    "column": "V_ISO_COUNTRY_CODE",
    "identifierToken": "__IDENTIFIER__",
    "MESSAGE_DIRECTION": "INBOUND",
    "value": "CM",
    "table": "FCC_TF_DIM_COUNTRY_DUMMY",
    "token": "__TOKEN__"
  },
  "businessDomainCode": "GEN",
  "rawMessage": "<?xml version=\"1.0\" encoding=\"UTF-8\" standalone=\"yes\"?><Document xmlns=\"urn:iso:std:iso:20022:tech:xsd:pacs.008.001.08\">  <FIToFICstmrCdtTrf>   <GrpHdr>    <MsgId>44<\/MsgId>    <CreDtTm>2024-10-21T12:43:41.960-05:00<\/CreDtTm>    <NbOfTxs>1<\/NbOfTxs>    <SttlmInf>     <SttlmMtd>INGA<\/SttlmMtd>    <\/SttlmInf>   <\/GrpHdr>   <CdtTrfTxInf>    <PmtId>     <InstrId>44<\/InstrId>     <EndToEndId>E2E0000000001542<\/EndToEndId>     <UETR>b1b25497-c299-454e-8bac-dffde67ac1d3<\/UETR>    <\/PmtId>    <IntrBkSttlmAmt Ccy=\"USD\">98246.00<\/IntrBkSttlmAmt>    <IntrBkSttlmDt>2024-10-21<\/IntrBkSttlmDt>    <ChrgBr>SHAR<\/ChrgBr>    <InstgAgt>     <FinInstnId>      <BICFI>CTRYREPC<\/BICFI>     <\/FinInstnId>    <\/InstgAgt>    <InstdAgt>     <FinInstnId>      <BICFI>SWHQBEBBFIN<\/BICFI>     <\/FinInstnId>    <\/InstdAgt>    <IntrmyAgt1>     <FinInstnId>      <BICFI>HBUKGB4BXXX<\/BICFI>     <\/FinInstnId>    <\/IntrmyAgt1>    <Dbtr>     <Nm>CM<\/Nm>     <PstlAdr>      <AdrLine>ADDRESS<\/AdrLine>     <\/PstlAdr>    <\/Dbtr>    <DbtrAcct>     <Id>      <Othr>       <Id>01234567890123456789<\/Id>      <\/Othr>     <\/Id>    <\/DbtrAcct>    <DbtrAgt>     <FinInstnId>      <BICFI>CTRYREPD<\/BICFI>     <\/FinInstnId>    <\/DbtrAgt>    <CdtrAgt>     <FinInstnId>      <BICFI>SWHQBEBBFIN<\/BICFI>     <\/FinInstnId>    <\/CdtrAgt>    <Cdtr>     <Nm>CREDITOR<\/Nm>     <PstlAdr>      <AdrLine>ADDRESS<\/AdrLine>     <\/PstlAdr>    <\/Cdtr>    <CdtrAcct>     <Id>      <Othr>       <Id>01234567890123456789<\/Id>      <\/Othr>     <\/Id>    <\/CdtrAcct>   <\/CdtTrfTxInf>  <\/FIToFICstmrCdtTrf> <\/Document>"
}
[INFO] Processing row 27...
{
  "messageDirection": "INBOUND",
  "jurisdictionCode": "AMEA",
  "additionalData": {
    "identifierValue": "45",
    "column": "V_COUNTRY_NAME",
    "identifierToken": "__IDENTIFIER__",
    "MESSAGE_DIRECTION": "INBOUND",
    "value": "Canada",
    "table": "FCC_TF_DIM_COUNTRY_DUMMY",
    "token": "__TOKEN__"
  },
  "businessDomainCode": "GEN",
  "rawMessage": "<?xml version=\"1.0\" encoding=\"UTF-8\" standalone=\"yes\"?><Document xmlns=\"urn:iso:std:iso:20022:tech:xsd:pacs.008.001.08\">  <FIToFICstmrCdtTrf>   <GrpHdr>    <MsgId>45<\/MsgId>    <CreDtTm>2024-10-21T12:43:41.960-05:00<\/CreDtTm>    <NbOfTxs>1<\/NbOfTxs>    <SttlmInf>     <SttlmMtd>INGA<\/SttlmMtd>    <\/SttlmInf>   <\/GrpHdr>   <CdtTrfTxInf>    <PmtId>     <InstrId>45<\/InstrId>     <EndToEndId>E2E0000000001542<\/EndToEndId>     <UETR>b1b25497-c299-454e-8bac-dffde67ac1d3<\/UETR>    <\/PmtId>    <IntrBkSttlmAmt Ccy=\"USD\">98246.00<\/IntrBkSttlmAmt>    <IntrBkSttlmDt>2024-10-21<\/IntrBkSttlmDt>    <ChrgBr>SHAR<\/ChrgBr>    <InstgAgt>     <FinInstnId>      <BICFI>CTRYREPC<\/BICFI>     <\/FinInstnId>    <\/InstgAgt>    <InstdAgt>     <FinInstnId>      <BICFI>SWHQBEBBFIN<\/BICFI>     <\/FinInstnId>    <\/InstdAgt>    <IntrmyAgt1>     <FinInstnId>      <BICFI>HBUKGB4BXXX<\/BICFI>     <\/FinInstnId>    <\/IntrmyAgt1>    <Dbtr>     <Nm>Canada<\/Nm>     <PstlAdr>      <AdrLine>ADDRESS<\/AdrLine>     <\/PstlAdr>    <\/Dbtr>    <DbtrAcct>     <Id>      <Othr>       <Id>01234567890123456789<\/Id>      <\/Othr>     <\/Id>    <\/DbtrAcct>    <DbtrAgt>     <FinInstnId>      <BICFI>CTRYREPD<\/BICFI>     <\/FinInstnId>    <\/DbtrAgt>    <CdtrAgt>     <FinInstnId>      <BICFI>SWHQBEBBFIN<\/BICFI>     <\/FinInstnId>    <\/CdtrAgt>    <Cdtr>     <Nm>CREDITOR<\/Nm>     <PstlAdr>      <AdrLine>ADDRESS<\/AdrLine>     <\/PstlAdr>    <\/Cdtr>    <CdtrAcct>     <Id>      <Othr>       <Id>01234567890123456789<\/Id>      <\/Othr>     <\/Id>    <\/CdtrAcct>   <\/CdtTrfTxInf>  <\/FIToFICstmrCdtTrf> <\/Document>"
}
[INFO] Processing row 28...
{
  "messageDirection": "INBOUND",
  "jurisdictionCode": "AMEA",
  "additionalData": {
    "identifierValue": "45",
    "column": "V_ISO3_COUNTRY_CODE",
    "identifierToken": "__IDENTIFIER__",
    "MESSAGE_DIRECTION": "INBOUND",
    "value": "CAN",
    "table": "FCC_TF_DIM_COUNTRY_DUMMY",
    "token": "__TOKEN__"
  },
  "businessDomainCode": "GEN",
  "rawMessage": "<?xml version=\"1.0\" encoding=\"UTF-8\" standalone=\"yes\"?><Document xmlns=\"urn:iso:std:iso:20022:tech:xsd:pacs.008.001.08\">  <FIToFICstmrCdtTrf>   <GrpHdr>    <MsgId>45<\/MsgId>    <CreDtTm>2024-10-21T12:43:41.960-05:00<\/CreDtTm>    <NbOfTxs>1<\/NbOfTxs>    <SttlmInf>     <SttlmMtd>INGA<\/SttlmMtd>    <\/SttlmInf>   <\/GrpHdr>   <CdtTrfTxInf>    <PmtId>     <InstrId>45<\/InstrId>     <EndToEndId>E2E0000000001542<\/EndToEndId>     <UETR>b1b25497-c299-454e-8bac-dffde67ac1d3<\/UETR>    <\/PmtId>    <IntrBkSttlmAmt Ccy=\"USD\">98246.00<\/IntrBkSttlmAmt>    <IntrBkSttlmDt>2024-10-21<\/IntrBkSttlmDt>    <ChrgBr>SHAR<\/ChrgBr>    <InstgAgt>     <FinInstnId>      <BICFI>CTRYREPC<\/BICFI>     <\/FinInstnId>    <\/InstgAgt>    <InstdAgt>     <FinInstnId>      <BICFI>SWHQBEBBFIN<\/BICFI>     <\/FinInstnId>    <\/InstdAgt>    <IntrmyAgt1>     <FinInstnId>      <BICFI>HBUKGB4BXXX<\/BICFI>     <\/FinInstnId>    <\/IntrmyAgt1>    <Dbtr>     <Nm>CAN<\/Nm>     <PstlAdr>      <AdrLine>ADDRESS<\/AdrLine>     <\/PstlAdr>    <\/Dbtr>    <DbtrAcct>     <Id>      <Othr>       <Id>01234567890123456789<\/Id>      <\/Othr>     <\/Id>    <\/DbtrAcct>    <DbtrAgt>     <FinInstnId>      <BICFI>CTRYREPD<\/BICFI>     <\/FinInstnId>    <\/DbtrAgt>    <CdtrAgt>     <FinInstnId>      <BICFI>SWHQBEBBFIN<\/BICFI>     <\/FinInstnId>    <\/CdtrAgt>    <Cdtr>     <Nm>CREDITOR<\/Nm>     <PstlAdr>      <AdrLine>ADDRESS<\/AdrLine>     <\/PstlAdr>    <\/Cdtr>    <CdtrAcct>     <Id>      <Othr>       <Id>01234567890123456789<\/Id>      <\/Othr>     <\/Id>    <\/CdtrAcct>   <\/CdtTrfTxInf>  <\/FIToFICstmrCdtTrf> <\/Document>"
}
[INFO] Processing row 29...
{
  "messageDirection": "INBOUND",
  "jurisdictionCode": "AMEA",
  "additionalData": {
    "identifierValue": "45",
    "column": "V_ISO_COUNTRY_CODE",
    "identifierToken": "__IDENTIFIER__",
    "MESSAGE_DIRECTION": "INBOUND",
    "value": "CA",
    "table": "FCC_TF_DIM_COUNTRY_DUMMY",
    "token": "__TOKEN__"
  },
  "businessDomainCode": "GEN",
  "rawMessage": "<?xml version=\"1.0\" encoding=\"UTF-8\" standalone=\"yes\"?><Document xmlns=\"urn:iso:std:iso:20022:tech:xsd:pacs.008.001.08\">  <FIToFICstmrCdtTrf>   <GrpHdr>    <MsgId>45<\/MsgId>    <CreDtTm>2024-10-21T12:43:41.960-05:00<\/CreDtTm>    <NbOfTxs>1<\/NbOfTxs>    <SttlmInf>     <SttlmMtd>INGA<\/SttlmMtd>    <\/SttlmInf>   <\/GrpHdr>   <CdtTrfTxInf>    <PmtId>     <InstrId>45<\/InstrId>     <EndToEndId>E2E0000000001542<\/EndToEndId>     <UETR>b1b25497-c299-454e-8bac-dffde67ac1d3<\/UETR>    <\/PmtId>    <IntrBkSttlmAmt Ccy=\"USD\">98246.00<\/IntrBkSttlmAmt>    <IntrBkSttlmDt>2024-10-21<\/IntrBkSttlmDt>    <ChrgBr>SHAR<\/ChrgBr>    <InstgAgt>     <FinInstnId>      <BICFI>CTRYREPC<\/BICFI>     <\/FinInstnId>    <\/InstgAgt>    <InstdAgt>     <FinInstnId>      <BICFI>SWHQBEBBFIN<\/BICFI>     <\/FinInstnId>    <\/InstdAgt>    <IntrmyAgt1>     <FinInstnId>      <BICFI>HBUKGB4BXXX<\/BICFI>     <\/FinInstnId>    <\/IntrmyAgt1>    <Dbtr>     <Nm>CA<\/Nm>     <PstlAdr>      <AdrLine>ADDRESS<\/AdrLine>     <\/PstlAdr>    <\/Dbtr>    <DbtrAcct>     <Id>      <Othr>       <Id>01234567890123456789<\/Id>      <\/Othr>     <\/Id>    <\/DbtrAcct>    <DbtrAgt>     <FinInstnId>      <BICFI>CTRYREPD<\/BICFI>     <\/FinInstnId>    <\/DbtrAgt>    <CdtrAgt>     <FinInstnId>      <BICFI>SWHQBEBBFIN<\/BICFI>     <\/FinInstnId>    <\/CdtrAgt>    <Cdtr>     <Nm>CREDITOR<\/Nm>     <PstlAdr>      <AdrLine>ADDRESS<\/AdrLine>     <\/PstlAdr>    <\/Cdtr>    <CdtrAcct>     <Id>      <Othr>       <Id>01234567890123456789<\/Id>      <\/Othr>     <\/Id>    <\/CdtrAcct>   <\/CdtTrfTxInf>  <\/FIToFICstmrCdtTrf> <\/Document>"
}
