-------------------------------------------------------------
-------------------------------------------------------------
-----------------RESPONSE ANALYZER STARTED-------------------
-------------------------------------------------------------
-------------------------------------------------------------
tagName: Document/FIToFICstmrCdtTrf/CdtTrfTxInf[1]/Dbtr[1]/Nm
[WARN] Invalid JSON at row 2: Unterminated string at 32001 [character 32002 line 1]
[WARN] Invalid JSON at row 3: Expected a ',' or '}' at 32001 [character 32002 line 1]
[WARN] Invalid JSON at row 4: Unterminated string at 32001 [character 32002 line 1]
[WARN] Invalid JSON at row 5: Unterminated string at 32001 [character 32002 line 1]
[WARN] Invalid JSON at row 6: Unterminated string at 32001 [character 32002 line 1]
[WARN] Invalid JSON at row 7: Unterminated string at 32001 [character 32002 line 1]
[WARN] Invalid JSON at row 8: Unterminated string at 32001 [character 32002 line 1]
[WARN] Invalid JSON at row 9: Unterminated string at 32001 [character 32002 line 1]
[WARN] Invalid JSON at row 10: Unterminated string at 32001 [character 32002 line 1]
[WARN] Invalid JSON at row 11: Unterminated string at 32001 [character 32002 line 1]
[WARN] Invalid JSON at row 12: Expected a ':' after a key at 32001 [character 32002 line 1]
[WARN] Invalid JSON at row 13: Unterminated string at 32001 [character 32002 line 1]
[WARN] Invalid JSON at row 14: Unterminated string at 32001 [character 32002 line 1]
[WARN] Invalid JSON at row 15: Unterminated string at 32001 [character 32002 line 1]
[WARN] Invalid JSON at row 16: Expected a ',' or '}' at 32001 [character 32002 line 1]
[WARN] Invalid JSON at row 17: Expected a ':' after a key at 32001 [character 32002 line 1]
[WARN] Invalid JSON at row 18: Unterminated string at 32001 [character 32002 line 1]
[WARN] Invalid JSON at row 19: Unterminated string at 32001 [character 32002 line 1]
[WARN] Invalid JSON at row 20: Unterminated string at 32001 [character 32002 line 1]
[WARN] Invalid JSON at row 21: Unterminated string at 32001 [character 32002 line 1]
[WARN] Invalid JSON at row 22: Unterminated string at 32001 [character 32002 line 1]
[WARN] Invalid JSON at row 23: Unterminated string at 32001 [character 32002 line 1]
[WARN] Invalid JSON at row 24: Unterminated string at 32001 [character 32002 line 1]
[WARN] Invalid JSON at row 25: Unterminated string at 32001 [character 32002 line 1]
[WARN] Invalid JSON at row 26: Unterminated string at 32001 [character 32002 line 1]
[WARN] Invalid JSON at row 27: Unterminated string at 32001 [character 32002 line 1]
[WARN] Invalid JSON at row 28: Unterminated string at 32001 [character 32002 line 1]
[WARN] Invalid JSON at row 29: Unterminated string at 32001 [character 32002 line 1]
[WARN] Invalid JSON at row 30: Unterminated string at 32001 [character 32002 line 1]
-------------------------------------------------------------
-------------------------------------------------------------
------------------RESPONSE ANALYZER ENDED--------------------
-------------------------------------------------------------
-------------------------------------------------------------
