-------------------------------------------------------------
-------------------------------------------------------------
-----------------RESPONSE ANALYZER STARTED-------------------
-------------------------------------------------------------
-------------------------------------------------------------
tagName: Document/FIToFICstmrCdtTrf/CdtTrfTxInf[1]/Dbtr[1]/Nm
[INFO] Processing row 1...
eachResponse.has("feedbackData")  false
[INFO] Processing row 2...
eachResponse.has("feedbackData")  false
[INFO] Processing row 3...
eachResponse.has("feedbackData")  false
[INFO] Processing row 4...
eachResponse.has("feedbackData")  false
[INFO] Processing row 5...
eachResponse.has("feedbackData")  false
[INFO] Processing row 6...
eachResponse.has("feedbackData")  false
[INFO] Processing row 7...
eachResponse.has("feedbackData")  false
[INFO] Processing row 8...
eachResponse.has("feedbackData")  false
[INFO] Processing row 9...
eachResponse.has("feedbackData")  false
[INFO] Processing row 10...
eachResponse.has("feedbackData")  false
[INFO] Processing row 11...
eachResponse.has("feedbackData")  false
[INFO] Processing row 12...
eachResponse.has("feedbackData")  false
[INFO] Processing row 13...
eachResponse.has("feedbackData")  false
[INFO] Processing row 14...
eachResponse.has("feedbackData")  false
[INFO] Processing row 15...
eachResponse.has("feedbackData")  false
[INFO] Processing row 16...
eachResponse.has("feedbackData")  false
[INFO] Processing row 17...
eachResponse.has("feedbackData")  false
[INFO] Processing row 18...
eachResponse.has("feedbackData")  false
[INFO] Processing row 19...
eachResponse.has("feedbackData")  false
[INFO] Processing row 20...
eachResponse.has("feedbackData")  false
[INFO] Processing row 21...
eachResponse.has("feedbackData")  false
[INFO] Processing row 22...
eachResponse.has("feedbackData")  false
[INFO] Processing row 23...
eachResponse.has("feedbackData")  false
[INFO] Processing row 24...
eachResponse.has("feedbackData")  false
[INFO] Processing row 25...
eachResponse.has("feedbackData")  false
[INFO] Processing row 26...
eachResponse.has("feedbackData")  false
[INFO] Processing row 27...
eachResponse.has("feedbackData")  false
[INFO] Processing row 28...
eachResponse.has("feedbackData")  false
[INFO] Processing row 29...
eachResponse.has("feedbackData")  false
-------------------------------------------------------------
-------------------------------------------------------------
------------------RESPONSE ANALYZER ENDED--------------------
-------------------------------------------------------------
-------------------------------------------------------------
