-------------------------------------------------------------
-------------------------------------------------------------
-----------------RESPONSE ANALYZER STARTED-------------------
-------------------------------------------------------------
-------------------------------------------------------------
tagName: Document/FIToFICstmrCdtTrf/CdtTrfTxInf[1]/Dbtr[1]/Nm
[INFO] Processing row 1...
[INFO] Processing row 2...
[INFO] Processing row 3...
[INFO] Processing row 4...
[INFO] Processing row 5...
[INFO] Processing row 6...
[INFO] Processing row 7...
[INFO] Processing row 8...
[INFO] Processing row 9...
[INFO] Processing row 10...
[INFO] Processing row 11...
[INFO] Processing row 12...
[INFO] Processing row 13...
[INFO] Processing row 14...
[INFO] Processing row 15...
[INFO] Processing row 16...
[INFO] Processing row 17...
[INFO] Processing row 18...
[INFO] Processing row 19...
[INFO] Processing row 20...
[INFO] Processing row 21...
[INFO] Processing row 22...
[INFO] Processing row 23...
[INFO] Processing row 24...
[INFO] Processing row 25...
[INFO] Processing row 26...
[INFO] Processing row 27...
[INFO] Processing row 28...
[INFO] Processing row 29...
-------------------------------------------------------------
-------------------------------------------------------------
------------------RESPONSE ANALYZER ENDED--------------------
-------------------------------------------------------------
-------------------------------------------------------------
