-------------------------------------------------------------
-------------------------------------------------------------
-----------------RESPONSE ANALYZER STARTED-------------------
-------------------------------------------------------------
-------------------------------------------------------------
tagName: Document/FIToFICstmrCdtTrf/CdtTrfTxInf[1]/Dbtr[1]/Nm
[WARN] Invalid JSON at row 2: Missing value at 1 [character 2 line 1]
java.lang.Exception: org.json.JSONException: Missing value at 1 [character 2 line 1]
	at com.oracle.ofss.sanctions.tf.app.MessageResponseAnalyzer.processEachJsonInExcel(MessageResponseAnalyzer.java:82)
	at com.oracle.ofss.sanctions.tf.app.MessageResponseAnalyzer.analyseResponseAndPrepareResults(MessageResponseAnalyzer.java:40)
	at com.oracle.ofss.sanctions.tf.app.Main.main(Main.java:7)
Caused by: org.json.JSONException: Missing value at 1 [character 2 line 1]
	at org.json.JSONTokener.syntaxError(JSONTokener.java:433)
	at org.json.JSONTokener.nextValue(JSONTokener.java:387)
	at org.json.JSONObject.<init>(JSONObject.java:205)
	at org.json.JSONObject.<init>(JSONObject.java:321)
	at com.oracle.ofss.sanctions.tf.app.MessageResponseAnalyzer.processEachJsonInExcel(MessageResponseAnalyzer.java:78)
	... 2 more
Exception in thread "main" java.lang.Exception: Something went wrong while analyzing responses
	at com.oracle.ofss.sanctions.tf.app.MessageResponseAnalyzer.analyseResponseAndPrepareResults(MessageResponseAnalyzer.java:48)
	at com.oracle.ofss.sanctions.tf.app.Main.main(Main.java:7)
Caused by: java.lang.Exception: org.json.JSONException: Missing value at 1 [character 2 line 1]
	at com.oracle.ofss.sanctions.tf.app.MessageResponseAnalyzer.processEachJsonInExcel(MessageResponseAnalyzer.java:82)
	at com.oracle.ofss.sanctions.tf.app.MessageResponseAnalyzer.analyseResponseAndPrepareResults(MessageResponseAnalyzer.java:40)
	... 1 more
Caused by: org.json.JSONException: Missing value at 1 [character 2 line 1]
	at org.json.JSONTokener.syntaxError(JSONTokener.java:433)
	at org.json.JSONTokener.nextValue(JSONTokener.java:387)
	at org.json.JSONObject.<init>(JSONObject.java:205)
	at org.json.JSONObject.<init>(JSONObject.java:321)
	at com.oracle.ofss.sanctions.tf.app.MessageResponseAnalyzer.processEachJsonInExcel(MessageResponseAnalyzer.java:78)
	... 2 more
